MIG: 01:36:24 : xml_input_file: board.prj
MIG: 01:36:24 : Absolute path of xml_input_file: d:/ECE532/Sentry_Gun_V0.1/Sentry_Gun_V0.1.srcs/sources_1/bd/SG_V0/ip/SG_V0_mig_7series_0_0/board.prj
MIG: 01:36:24 : xml_input_file: board.prj
MIG: 01:36:24 : Absolute path of xml_input_file: d:/ECE532/Sentry_Gun_V0.1/Sentry_Gun_V0.1.srcs/sources_1/bd/SG_V0/ip/SG_V0_mig_7series_0_0/board.prj
MIG: 01:36:24 : In updateAllModelParams
MIG: 01:36:24 : ################# RUNNING MIG BATCH ###################
MIG: 01:36:24 : Writing IN file for 'SG_V0_mig_7series_0_0'...compDirPath: d:/Xilinx/Vivado/2016.2/data/ip/xilinx/mig_7series_v4_0... instDirPath: d:/ECE532/Sentry_Gun_V0.1/Sentry_Gun_V0.1.srcs/sources_1/bd/SG_V0/ip/SG_V0_mig_7series_0_0
MIG: 01:36:24 : synp_flow:  -- synthesis_mode: Other
MIG: 01:36:24 : outputDirectory: d:/ECE532/Sentry_Gun_V0.1/Sentry_Gun_V0.1.srcs/sources_1/bd/SG_V0/ip/SG_V0_mig_7series_0_0/_tmp/
MIG: 01:36:24 : vivado_mode: xpg_bd
MIG: 01:36:24 : isPortInterface: 0
MIG: 01:36:24 : isPortInterface: 0
MIG: 01:36:24 : isPortInterface: 0
MIG: 01:36:24 : isPortInterface: 0
MIG: 01:36:24 : isPortInterface: 0
MIG: 01:36:24 : isPortInterface: 0
MIG: 01:36:24 : isPortInterface: 0
MIG: 01:36:24 : isPortInterface: 0
MIG: 01:36:24 : isPortInterface: 0
MIG: 01:36:24 : isPortInterface: 0
MIG: 01:36:24 : isPortInterface: 0
MIG: 01:36:24 : isPortInterface: 0
MIG: 01:36:24 : isPortInterface: 0
MIG: 01:36:24 : isPortInterface: 0
MIG: 01:36:24 : isPortInterface: 0
MIG: 01:36:24 : isPortInterface: 0
MIG: 01:36:24 : isPortInterface: 0
MIG: 01:36:24 : isPortInterface: 0
MIG: 01:36:24 : isPortInterface: 0
MIG: 01:36:24 : isPortInterface: 0
MIG: 01:36:24 : isPortInterface: 0
MIG: 01:36:24 : isPortInterface: 0
MIG: 01:36:24 : isPortInterface: 0
MIG: 01:36:24 : isPortInterface: 0
MIG: 01:36:24 : isPortInterface: 0
MIG: 01:36:24 : isPortInterface: 0
MIG: 01:36:24 : isPortInterface: 0
MIG: 01:36:24 : isPortInterface: 0
MIG: 01:36:24 : isPortInterface: 0
MIG: 01:36:24 : isPortInterface: 0
MIG: 01:36:24 : isPortInterface: 0
MIG: 01:36:24 : isPortInterface: 0
MIG: 01:36:24 : isPortInterface: 0
MIG: 01:36:24 : isPortInterface: 0
MIG: 01:36:24 : isPortInterface: 0
MIG: 01:36:24 : isPortInterface: 0
MIG: 01:36:24 : isPortInterface: 0
MIG: 01:36:24 : isPortInterface: 0
MIG: 01:36:24 : isPortInterface: 0
MIG: 01:36:24 : isPortInterface: 0
MIG: 01:36:24 : isPortInterface: 0
MIG: 01:36:24 : isPortInterface: 0
MIG: 01:36:24 : isPortInterface: 0
MIG: 01:36:24 : isPortInterface: 0
MIG: 01:36:24 : isPortInterface: 0
MIG: 01:36:24 : isPortInterface: 0
MIG: 01:36:24 : isPortInterface: 0
MIG: 01:36:24 : isPortInterface: 0
MIG: 01:36:24 : isPortInterface: 0
MIG: 01:36:24 : isPortInterface: 0
MIG: 01:36:24 : isPortInterface: 0
MIG: 01:36:24 : isPortInterface: 0
MIG: 01:36:24 : isPortInterface: 0
MIG: 01:36:24 : isPortInterface: 0
MIG: 01:36:24 : isPortInterface: 0
MIG: 01:36:24 : isPortInterface: 0
MIG: 01:36:24 : isPortInterface: 0
MIG: 01:36:24 : isPortInterface: 0
MIG: 01:36:24 : isPortInterface: 0
MIG: 01:36:24 : isPortInterface: 0
MIG: 01:36:24 : isPortInterface: 0
MIG: 01:36:24 : isPortInterface: 0
MIG: 01:36:24 : isPortInterface: 0
MIG: 01:36:24 : isPortInterface: 0
MIG: 01:36:24 : isPortInterface: 0
MIG: 01:36:24 : isPortInterface: 0
MIG: 01:36:24 : isPortInterface: 0
MIG: 01:36:24 : isPortInterface: 0
MIG: 01:36:24 : isPortInterface: 0
MIG: 01:36:24 : isPortInterface: 0
MIG: 01:36:24 : isPortInterface: 0
MIG: 01:36:24 : isPortInterface: 0
MIG: 01:36:24 : isPortInterface: 0
MIG: 01:36:24 : isPortInterface: 0
MIG: 01:36:24 : isPortInterface: 0
MIG: 01:36:24 : isPortInterface: 0
MIG: 01:36:24 : isPortInterface: 0
MIG: 01:36:24 : isPortInterface: 0
MIG: 01:36:24 : isPortInterface: 0
MIG: 01:36:24 : isPortInterface: 0
MIG: 01:36:24 : isPortInterface: 0
MIG: 01:36:24 : isPortInterface: 0
MIG: 01:36:24 : isPortInterface: 0
MIG: 01:36:24 : isPortInterface: 0
MIG: 01:36:24 : isPortInterface: 0
MIG: 01:36:24 : isPortInterface: 0
MIG: 01:36:24 : isPortInterface: 0
MIG: 01:36:24 : isPortInterface: 0
MIG: 01:36:24 : isPortInterface: 0
MIG: 01:36:24 : isPortInterface: 0
MIG: 01:36:24 : isPortInterface: 0
MIG: 01:36:24 : isPortInterface: 0
MIG: 01:36:24 : isPortInterface: 0
MIG: 01:36:24 : isPortInterface: 0
MIG: 01:36:24 : isPortInterface: 0
MIG: 01:36:24 : isPortInterface: 0
MIG: 01:36:24 : isPortInterface: 0
MIG: 01:36:24 : isPortInterface: 0
MIG: 01:36:24 : isPortInterface: 0
MIG: 01:36:24 : isPortInterface: 0
MIG: 01:36:24 : isPortInterface: 0
MIG: 01:36:24 : isPortInterface: 0
MIG: 01:36:24 : isPortInterface: 0
MIG: 01:36:24 : isPortInterface: 0
MIG: 01:36:24 : isPortInterface: 0
MIG: 01:36:24 : isPortInterface: 0
MIG: 01:36:24 : isPortInterface: 0
MIG: 01:36:24 : isPortInterface: 0
MIG: 01:36:24 : isPortInterface: 0
MIG: 01:36:24 : isPortInterface: 0
MIG: 01:36:24 : isPortInterface: 0
MIG: 01:36:24 : isPortInterface: 0
MIG: 01:36:24 : isPortInterface: 0
MIG: 01:36:24 : isPortInterface: 0
MIG: 01:36:24 : isPortInterface: 0
MIG: 01:36:24 : isPortInterface: 0
MIG: 01:36:24 : isPortInterface: 1
MIG: 01:36:24 : isPortInterface: 0
MIG: 01:36:24 : isPortInterface: 0
MIG: 01:36:24 : isPortInterface: 0
MIG: 01:36:24 : isPortInterface: 0
MIG: 01:36:24 : isPortInterface: 0
MIG: 01:36:24 : isPortInterface: 0
MIG: 01:36:24 : isPortInterface: 0
MIG: 01:36:24 : isPortInterface: 0
MIG: 01:36:24 : isPortInterface: 0
MIG: 01:36:24 : isPortInterface: 0
MIG: 01:36:24 :  locked false  
MIG: 01:36:24 : HDL Language: Verilog
MIG: 01:36:24 : compInfo: true
MIG: 01:36:24 : Vivado Options xc7a100t csg324 -1
MIG: 01:36:24 : 1: xc7a100t 2: csg324 3: -1
MIG: 01:36:24 : relative mig path: coregen/ip/xilinx/other/com/xilinx/ip/mig_7series_v4_0/bin/nt64/mig.exe
MIG: 01:36:24 : xilinx_path: D:/Xilinx/Vivado/2016.2/ids_lite/ISE
MIG: 01:36:24 : I am in catch area
MIG: 01:36:24 : Running D:/Xilinx/Vivado/2016.2/ids_lite/ISE/coregen/ip/xilinx/other/com/xilinx/ip/mig_7series_v4_0/bin/nt64/mig.exe -cg_exc_inp d:/ECE532/Sentry_Gun_V0.1/Sentry_Gun_V0.1.srcs/sources_1/bd/SG_V0/ip/SG_V0_mig_7series_0_0/xil_txt.in -cg_exc_out d:/ECE532/Sentry_Gun_V0.1/Sentry_Gun_V0.1.srcs/sources_1/bd/SG_V0/ip/SG_V0_mig_7series_0_0/xil_txt.out ... 
MIG: 01:36:32 : XML_INPUT_FILE: d:/ECE532/Sentry_Gun_V0.1/Sentry_Gun_V0.1.srcs/sources_1/bd/SG_V0/ip/SG_V0_mig_7series_0_0/board.prj
MIG: 01:36:32 : Component_Name: SG_V0_mig_7series_0_0
MIG: 01:36:32 : Moving SG_V0_mig_7series_0_0 ...
MIG: 01:36:32 : Moving SG_V0_mig_7series_0_0.veo ...
MIG: 01:36:32 : Moving SG_V0_mig_7series_0_0_xmdf.tcl ...
MIG: 01:36:32 : XGUI hdlLanguage: Verilog
MIG: 01:36:32 : xgui vivado_mode: xpg_bd
MIG: 01:36:32 : xgui hdlLanguage: Verilog -- hdlExt: v
MIG: 01:36:32 : Reading D:/ECE532/Sentry_Gun_V0.1/Sentry_Gun_V0.1.srcs/sources_1/bd/SG_V0/ip/SG_V0_mig_7series_0_0/SG_V0_mig_7series_0_0/user_design/rtl/SG_V0_mig_7series_0_0_mig.v ...
MIG: 01:36:34 : 1
MIG: 01:36:34 : Inside fn mem: DDR2
MIG: 01:36:34 : QDRII+ Inside fn ui: 81000000
MIG: 01:36:34 : cntrl:  memtype: DDR2
MIG: 01:36:34 : 1200
MIG: 01:36:34 :  MMCM_VCO single ctrl param_name: MMCM_VCO --  possibleMaxVcoVal: 1200 
MIG: 01:36:34 : DDR2
MIG: 01:36:34 : 1
MIG: 01:36:34 : 81000000
MIG: 01:36:34 : 
MIG: 01:36:34 :  polarity_value: 1
MIG: 01:36:34 : 
MIG: 01:36:34 : 
MIG: 01:36:34 : cntrl:  memtype: DDR2
MIG: 01:36:34 :  Invalid Param: DDR2_RST_ACT_LOW ==> 1
MIG: 01:36:34 : 
MIG: 01:36:34 :  Valid Param: DDR2_BANK_WIDTH ==> 3
MIG: 01:36:34 : 
MIG: 01:36:34 :  Valid Param: DDR2_CK_WIDTH ==> 1
MIG: 01:36:34 :  Invalid Param: DDR2_COL_WIDTH ==> 10
MIG: 01:36:34 : 
MIG: 01:36:34 :  Valid Param: DDR2_CS_WIDTH ==> 1
MIG: 01:36:34 : 
MIG: 01:36:34 :  Valid Param: DDR2_nCS_PER_RANK ==> 1
MIG: 01:36:34 : 
MIG: 01:36:34 :  Valid Param: DDR2_CKE_WIDTH ==> 1
MIG: 01:36:34 :  Invalid Param: DDR2_DATA_BUF_ADDR_WIDTH ==> 5
MIG: 01:36:34 :  Invalid Param: DDR2_DQ_CNT_WIDTH ==> 4
MIG: 01:36:34 :  Invalid Param: DDR2_DQ_PER_DM ==> 8
MIG: 01:36:34 : 2
MIG: 01:36:34 :  Valid Param: DDR2_DM_WIDTH ==> 2
MIG: 01:36:34 : 16
MIG: 01:36:34 :  Valid Param: DDR2_DQ_WIDTH ==> 16
MIG: 01:36:34 : 2
MIG: 01:36:34 :  Valid Param: DDR2_DQS_WIDTH ==> 2
MIG: 01:36:34 : 
MIG: 01:36:34 :  Valid Param: DDR2_DQS_CNT_WIDTH ==> 1
MIG: 01:36:34 :  Invalid Param: DDR2_DRAM_WIDTH ==> 8
MIG: 01:36:34 : 
MIG: 01:36:34 :  Valid Param: ECC ==> OFF
MIG: 01:36:34 : 16
MIG: 01:36:34 :  Valid Param: DDR2_DATA_WIDTH ==> 16
MIG: 01:36:34 :  Invalid Param: ECC_TEST ==> "OFF"
MIG: 01:36:34 :  Invalid Param: DDR2_PAYLOAD_WIDTH ==> (ECC_TEST == "OFF") ? DATA_WIDTH : DQ_WIDTH
MIG: 01:36:34 :  Invalid Param: DDR2_MEM_ADDR_ORDER ==> "BANK_ROW_COLUMN"
MIG: 01:36:34 :  Invalid Param: DDR2_nBANK_MACHS ==> 4
MIG: 01:36:34 :  Invalid Param: DDR2_RANKS ==> 1
MIG: 01:36:34 : 
MIG: 01:36:34 :  Valid Param: DDR2_ODT_WIDTH ==> 1
MIG: 01:36:34 : 13
MIG: 01:36:34 :  Valid Param: DDR2_ROW_WIDTH ==> 13
MIG: 01:36:34 : 27
MIG: 01:36:34 :  Valid Param: DDR2_ADDR_WIDTH ==> 27
MIG: 01:36:34 : 
MIG: 01:36:34 :  Valid Param: DDR2_USE_CS_PORT ==> 1
MIG: 01:36:34 : 
MIG: 01:36:34 :  Valid Param: DDR2_USE_DM_PORT ==> 1
MIG: 01:36:34 : 
MIG: 01:36:34 :  Valid Param: DDR2_USE_ODT_PORT ==> 1
MIG: 01:36:34 :  Invalid Param: DDR2_PHY_CONTROL_MASTER_BANK ==> 0
MIG: 01:36:34 :  Invalid Param: DDR2_MEM_DENSITY ==> "1Gb"
MIG: 01:36:34 :  Invalid Param: DDR2_MEM_SPEEDGRADE ==> "25E"
MIG: 01:36:34 :  Invalid Param: DDR2_MEM_DEVICE_WIDTH ==> 16
MIG: 01:36:34 :  Invalid Param: DDR2_AL ==> "0"
MIG: 01:36:34 :  Invalid Param: DDR2_nAL ==> 0
MIG: 01:36:34 :  Invalid Param: DDR2_BURST_MODE ==> "8"
MIG: 01:36:34 :  Invalid Param: DDR2_BURST_TYPE ==> "SEQ"
MIG: 01:36:34 :  Invalid Param: DDR2_CL ==> 5
MIG: 01:36:34 :  Invalid Param: DDR2_OUTPUT_DRV ==> "HIGH"
MIG: 01:36:34 :  Invalid Param: DDR2_RTT_NOM ==> "50"
MIG: 01:36:34 :  Invalid Param: DDR2_ADDR_CMD_MODE ==> "1T"
MIG: 01:36:34 : 
MIG: 01:36:34 :  Valid Param: DDR2_REG_CTRL ==> OFF
MIG: 01:36:34 :  Invalid Param: DDR2_CLKIN_PERIOD ==> 5000
MIG: 01:36:34 :  Invalid Param: DDR2_CLKFBOUT_MULT ==> 13
MIG: 01:36:34 :  Invalid Param: DDR2_DIVCLK_DIVIDE ==> 2
MIG: 01:36:34 :  Invalid Param: DDR2_CLKOUT0_PHASE ==> 0.0
MIG: 01:36:34 :  Invalid Param: DDR2_CLKOUT0_DIVIDE ==> 2
MIG: 01:36:34 :  Invalid Param: DDR2_CLKOUT1_DIVIDE ==> 4
MIG: 01:36:34 :  Invalid Param: DDR2_CLKOUT2_DIVIDE ==> 64
MIG: 01:36:34 :  Invalid Param: DDR2_CLKOUT3_DIVIDE ==> 16
MIG: 01:36:34 :  Invalid Param: DDR2_MMCM_VCO ==> 1200
MIG: 01:36:34 :  Invalid Param: DDR2_MMCM_MULT_F ==> 14
MIG: 01:36:34 :  Invalid Param: DDR2_MMCM_DIVCLK_DIVIDE ==> 1
MIG: 01:36:34 :  Invalid Param: DDR2_tCKE ==> 7500
MIG: 01:36:34 :  Invalid Param: DDR2_tFAW ==> 45000
MIG: 01:36:34 :  Invalid Param: DDR2_tPRDI ==> 1_000_000
MIG: 01:36:34 :  Invalid Param: DDR2_tRAS ==> 40000
MIG: 01:36:34 :  Invalid Param: DDR2_tRCD ==> 15000
MIG: 01:36:34 :  Invalid Param: DDR2_tREFI ==> 7800000
MIG: 01:36:34 :  Invalid Param: DDR2_tRFC ==> 127500
MIG: 01:36:34 :  Invalid Param: DDR2_tRP ==> 12500
MIG: 01:36:34 :  Invalid Param: DDR2_tRRD ==> 10000
MIG: 01:36:34 :  Invalid Param: DDR2_tRTP ==> 7500
MIG: 01:36:34 :  Invalid Param: DDR2_tWTR ==> 7500
MIG: 01:36:34 :  Invalid Param: DDR2_tZQI ==> 128_000_000
MIG: 01:36:34 :  Invalid Param: DDR2_tZQCS ==> 64
MIG: 01:36:34 :  Invalid Param: DDR2_SIM_BYPASS_INIT_CAL ==> "OFF"
MIG: 01:36:34 :  Invalid Param: DDR2_SIMULATION ==> "FALSE"
MIG: 01:36:34 :  Invalid Param: DDR2_BYTE_LANES_B0 ==> 4'b1111
MIG: 01:36:34 :  Invalid Param: DDR2_BYTE_LANES_B1 ==> 4'b0000
MIG: 01:36:34 :  Invalid Param: DDR2_BYTE_LANES_B2 ==> 4'b0000
MIG: 01:36:34 :  Invalid Param: DDR2_BYTE_LANES_B3 ==> 4'b0000
MIG: 01:36:34 :  Invalid Param: DDR2_BYTE_LANES_B4 ==> 4'b0000
MIG: 01:36:34 :  Invalid Param: DDR2_DATA_CTL_B0 ==> 4'b0101
MIG: 01:36:34 :  Invalid Param: DDR2_DATA_CTL_B1 ==> 4'b0000
MIG: 01:36:34 :  Invalid Param: DDR2_DATA_CTL_B2 ==> 4'b0000
MIG: 01:36:34 :  Invalid Param: DDR2_DATA_CTL_B3 ==> 4'b0000
MIG: 01:36:34 :  Invalid Param: DDR2_DATA_CTL_B4 ==> 4'b0000
MIG: 01:36:34 :  Invalid Param: DDR2_PHY_0_BITLANES ==> 48'hFFC_3F7_FFF_3FE
MIG: 01:36:34 :  Invalid Param: DDR2_PHY_1_BITLANES ==> 48'h000_000_000_000
MIG: 01:36:34 :  Invalid Param: DDR2_PHY_2_BITLANES ==> 48'h000_000_000_000
MIG: 01:36:34 :  Invalid Param: DDR2_CK_BYTE_MAP ==> 144'h00_00_00_00_00_00_00_00_00_00_00_00_00_00_00_00_00_03
MIG: 01:36:34 :  Invalid Param: DDR2_ADDR_MAP ==> 192'h000_000_000_010_033_01A_019_032_03A_034_018_036_012_011_017_015
MIG: 01:36:34 :  Invalid Param: DDR2_BANK_MAP ==> 36'h013_016_01B
MIG: 01:36:34 :  Invalid Param: DDR2_CAS_MAP ==> 12'h039
MIG: 01:36:34 :  Invalid Param: DDR2_CKE_ODT_BYTE_MAP ==> 8'h00
MIG: 01:36:34 :  Invalid Param: DDR2_CKE_MAP ==> 96'h000_000_000_000_000_000_000_038
MIG: 01:36:34 :  Invalid Param: DDR2_ODT_MAP ==> 96'h000_000_000_000_000_000_000_035
MIG: 01:36:34 :  Invalid Param: DDR2_CS_MAP ==> 120'h000_000_000_000_000_000_000_000_000_037
MIG: 01:36:34 :  Invalid Param: DDR2_PARITY_MAP ==> 12'h000
MIG: 01:36:34 :  Invalid Param: DDR2_RAS_MAP ==> 12'h014
MIG: 01:36:34 :  Invalid Param: DDR2_WE_MAP ==> 12'h03B
MIG: 01:36:34 :  Invalid Param: DDR2_DQS_BYTE_MAP ==> 144'h00_00_00_00_00_00_00_00_00_00_00_00_00_00_00_00_02_00
MIG: 01:36:34 :  Invalid Param: DDR2_DATA0_MAP ==> 96'h008_004_009_007_005_001_006_003
MIG: 01:36:34 :  Invalid Param: DDR2_DATA1_MAP ==> 96'h022_028_020_024_027_025_026_021
MIG: 01:36:34 :  Invalid Param: DDR2_DATA2_MAP ==> 96'h000_000_000_000_000_000_000_000
MIG: 01:36:34 :  Invalid Param: DDR2_DATA3_MAP ==> 96'h000_000_000_000_000_000_000_000
MIG: 01:36:34 :  Invalid Param: DDR2_DATA4_MAP ==> 96'h000_000_000_000_000_000_000_000
MIG: 01:36:34 :  Invalid Param: DDR2_DATA5_MAP ==> 96'h000_000_000_000_000_000_000_000
MIG: 01:36:34 :  Invalid Param: DDR2_DATA6_MAP ==> 96'h000_000_000_000_000_000_000_000
MIG: 01:36:34 :  Invalid Param: DDR2_DATA7_MAP ==> 96'h000_000_000_000_000_000_000_000
MIG: 01:36:34 :  Invalid Param: DDR2_DATA8_MAP ==> 96'h000_000_000_000_000_000_000_000
MIG: 01:36:34 :  Invalid Param: DDR2_DATA9_MAP ==> 96'h000_000_000_000_000_000_000_000
MIG: 01:36:34 :  Invalid Param: DDR2_DATA10_MAP ==> 96'h000_000_000_000_000_000_000_000
MIG: 01:36:34 :  Invalid Param: DDR2_DATA11_MAP ==> 96'h000_000_000_000_000_000_000_000
MIG: 01:36:34 :  Invalid Param: DDR2_DATA12_MAP ==> 96'h000_000_000_000_000_000_000_000
MIG: 01:36:34 :  Invalid Param: DDR2_DATA13_MAP ==> 96'h000_000_000_000_000_000_000_000
MIG: 01:36:34 :  Invalid Param: DDR2_DATA14_MAP ==> 96'h000_000_000_000_000_000_000_000
MIG: 01:36:34 :  Invalid Param: DDR2_DATA15_MAP ==> 96'h000_000_000_000_000_000_000_000
MIG: 01:36:34 :  Invalid Param: DDR2_DATA16_MAP ==> 96'h000_000_000_000_000_000_000_000
MIG: 01:36:34 :  Invalid Param: DDR2_DATA17_MAP ==> 96'h000_000_000_000_000_000_000_000
MIG: 01:36:34 :  Invalid Param: DDR2_MASK0_MAP ==> 108'h000_000_000_000_000_000_000_029_002
MIG: 01:36:34 :  Invalid Param: DDR2_MASK1_MAP ==> 108'h000_000_000_000_000_000_000_000_000
MIG: 01:36:34 :  Invalid Param: DDR2_SLOT_0_CONFIG ==> 8'b0000_0001
MIG: 01:36:34 :  Invalid Param: DDR2_SLOT_1_CONFIG ==> 8'b0000_0000
MIG: 01:36:34 :  Invalid Param: DDR2_IBUF_LPWR_MODE ==> "OFF"
MIG: 01:36:34 :  Invalid Param: DDR2_DATA_IO_IDLE_PWRDWN ==> "ON"
MIG: 01:36:34 :  Invalid Param: DDR2_BANK_TYPE ==> "HR_IO"
MIG: 01:36:34 :  Invalid Param: DDR2_DATA_IO_PRIM_TYPE ==> "HR_LP"
MIG: 01:36:34 :  Invalid Param: DDR2_CKE_ODT_AUX ==> "FALSE"
MIG: 01:36:34 :  Invalid Param: DDR2_USER_REFRESH ==> "OFF"
MIG: 01:36:34 :  Invalid Param: DDR2_WRLVL ==> "OFF"
MIG: 01:36:34 :  Invalid Param: DDR2_ORDERING ==> "NORM"
MIG: 01:36:34 :  Invalid Param: DDR2_CALIB_ROW_ADD ==> 16'h0000
MIG: 01:36:34 :  Invalid Param: DDR2_CALIB_COL_ADD ==> 12'h000
MIG: 01:36:34 :  Invalid Param: DDR2_CALIB_BA_ADD ==> 3'h0
MIG: 01:36:34 :  Invalid Param: DDR2_TCQ ==> 100
MIG: 01:36:34 :  Invalid Param: DDR2_IODELAY_GRP0 ==> "SG_V0_MIG_7SERIES_0_0_IODELAY_MIG0"
MIG: 01:36:34 :  Invalid Param: DDR2_SYSCLK_TYPE ==> "NO_BUFFER"
MIG: 01:36:34 :  Invalid Param: DDR2_REFCLK_TYPE ==> "USE_SYSTEM_CLOCK"
MIG: 01:36:34 :  Invalid Param: DDR2_SYS_RST_PORT ==> "FALSE"
MIG: 01:36:34 :  Invalid Param: DDR2_CMD_PIPE_PLUS1 ==> "ON"
MIG: 01:36:34 :  Invalid Param: DDR2_DRAM_TYPE ==> "DDR2"
MIG: 01:36:34 :  Invalid Param: DDR2_CAL_WIDTH ==> "HALF"
MIG: 01:36:34 :  Invalid Param: DDR2_STARVE_LIMIT ==> 2
MIG: 01:36:34 :  Invalid Param: DDR2_REFCLK_FREQ ==> 200.0
MIG: 01:36:34 :  Invalid Param: DDR2_DIFF_TERM_REFCLK ==> "TRUE"
MIG: 01:36:34 :  Invalid Param: DDR2_tCK ==> 3077
MIG: 01:36:34 : 4
MIG: 01:36:34 :  Valid Param: DDR2_nCK_PER_CLK ==> 4
MIG: 01:36:34 :  Invalid Param: DDR2_DIFF_TERM_SYSCLK ==> "TRUE"
MIG: 01:36:34 : 
MIG: 01:36:34 :  Valid Param: UI_EXTRA_CLOCKS ==> FALSE
MIG: 01:36:34 : 1
MIG: 01:36:34 :  Valid Param: C_S_AXI_ID_WIDTH ==> 1
MIG: 01:36:34 : 134217728
MIG: 01:36:34 :  Valid Param: C_S_AXI_MEM_SIZE ==> 134217728
MIG: 01:36:34 : 
MIG: 01:36:34 :  Valid Param: C_S_AXI_ADDR_WIDTH ==> 32
MIG: 01:36:34 : 64
MIG: 01:36:34 :  Valid Param: C_S_AXI_DATA_WIDTH ==> 64
MIG: 01:36:34 :  Invalid Param: DDR2_C_MC_nCK_PER_CLK ==> 4
MIG: 01:36:34 :  Invalid Param: C_S_AXI_SUPPORTS_NARROW_BURST ==> 0
MIG: 01:36:34 :  Invalid Param: DDR2_C_RD_WR_ARB_ALGORITHM ==> "RD_PRI_REG"
MIG: 01:36:34 :  Invalid Param: C_S_AXI_REG_EN0 ==> 20'h00000
MIG: 01:36:34 :  Invalid Param: C_S_AXI_REG_EN1 ==> 20'h00000
MIG: 01:36:34 : 
MIG: 01:36:34 :  Valid Param: C_S_AXI_CTRL_ADDR_WIDTH ==> 32
MIG: 01:36:34 : 
MIG: 01:36:34 :  Valid Param: C_S_AXI_CTRL_DATA_WIDTH ==> 32
MIG: 01:36:34 :  Invalid Param: C_S_AXI_BASEADDR ==> 32'h0000_0000
MIG: 01:36:34 :  Invalid Param: C_ECC_ONOFF_RESET_VALUE ==> 1
MIG: 01:36:34 :  Invalid Param: C_ECC_CE_COUNTER_WIDTH ==> 8
MIG: 01:36:34 : 
MIG: 01:36:34 :  Valid Param: DDR2_DEBUG_PORT ==> OFF
MIG: 01:36:34 : 
MIG: 01:36:34 :  Invalid Param: DDR2_TEMP_MON_CONTROL ==> "INTERNAL"
MIG: 01:36:34 : NOBUF
MIG: 01:36:34 : NONE
MIG: 01:36:34 : 
MIG: 01:36:34 : Same Interface
MIG: 01:36:35 : xml_input_file: board.prj
MIG: 01:36:35 : Absolute path of xml_input_file: d:/ECE532/Sentry_Gun_V0.1/Sentry_Gun_V0.1.srcs/sources_1/bd/SG_V0/ip/SG_V0_mig_7series_0_0/board.prj
MIG: 01:36:35 : In updateAllModelParams
MIG: 01:36:35 : IGN:     <ModuleName>design_1_mig_7series_0_2</ModuleName> <==>     <ModuleName>SG_V0_mig_7series_0_0</ModuleName> 
MIG: 01:36:35 : ERR:     <Version>2.2</Version> <==>     <Version>4.0</Version> 
MIG: 01:36:35 : ################# RUNNING MIG BATCH ###################
MIG: 01:36:35 : Writing IN file for 'SG_V0_mig_7series_0_0'...compDirPath: d:/Xilinx/Vivado/2016.2/data/ip/xilinx/mig_7series_v4_0... instDirPath: d:/ECE532/Sentry_Gun_V0.1/Sentry_Gun_V0.1.srcs/sources_1/bd/SG_V0/ip/SG_V0_mig_7series_0_0
MIG: 01:36:35 : synp_flow:  -- synthesis_mode: Other
MIG: 01:36:35 : outputDirectory: d:/ECE532/Sentry_Gun_V0.1/Sentry_Gun_V0.1.srcs/sources_1/bd/SG_V0/ip/SG_V0_mig_7series_0_0/_tmp/
MIG: 01:36:35 : vivado_mode: xpg_bd
MIG: 01:36:35 : isPortInterface: 0
MIG: 01:36:35 : isPortInterface: 0
MIG: 01:36:35 : isPortInterface: 0
MIG: 01:36:35 : isPortInterface: 0
MIG: 01:36:35 : isPortInterface: 0
MIG: 01:36:35 : isPortInterface: 0
MIG: 01:36:35 : isPortInterface: 0
MIG: 01:36:35 : isPortInterface: 0
MIG: 01:36:35 : isPortInterface: 0
MIG: 01:36:35 : isPortInterface: 0
MIG: 01:36:35 : isPortInterface: 0
MIG: 01:36:35 : isPortInterface: 0
MIG: 01:36:35 : isPortInterface: 0
MIG: 01:36:35 : isPortInterface: 0
MIG: 01:36:35 : isPortInterface: 0
MIG: 01:36:35 : isPortInterface: 0
MIG: 01:36:35 : isPortInterface: 0
MIG: 01:36:35 : isPortInterface: 0
MIG: 01:36:35 : isPortInterface: 0
MIG: 01:36:35 : isPortInterface: 0
MIG: 01:36:35 : isPortInterface: 0
MIG: 01:36:35 : isPortInterface: 0
MIG: 01:36:35 : isPortInterface: 0
MIG: 01:36:35 : isPortInterface: 0
MIG: 01:36:35 : isPortInterface: 0
MIG: 01:36:35 : isPortInterface: 0
MIG: 01:36:35 : isPortInterface: 0
MIG: 01:36:35 : isPortInterface: 0
MIG: 01:36:35 : isPortInterface: 0
MIG: 01:36:35 : isPortInterface: 0
MIG: 01:36:35 : isPortInterface: 0
MIG: 01:36:35 : isPortInterface: 0
MIG: 01:36:35 : isPortInterface: 0
MIG: 01:36:35 : isPortInterface: 0
MIG: 01:36:35 : isPortInterface: 0
MIG: 01:36:35 : isPortInterface: 0
MIG: 01:36:35 : isPortInterface: 0
MIG: 01:36:35 : isPortInterface: 0
MIG: 01:36:35 : isPortInterface: 0
MIG: 01:36:35 : isPortInterface: 0
MIG: 01:36:35 : isPortInterface: 0
MIG: 01:36:35 : isPortInterface: 0
MIG: 01:36:35 : isPortInterface: 0
MIG: 01:36:35 : isPortInterface: 0
MIG: 01:36:35 : isPortInterface: 0
MIG: 01:36:35 : isPortInterface: 0
MIG: 01:36:35 : isPortInterface: 0
MIG: 01:36:35 : isPortInterface: 0
MIG: 01:36:35 : isPortInterface: 0
MIG: 01:36:35 : isPortInterface: 0
MIG: 01:36:35 : isPortInterface: 0
MIG: 01:36:35 : isPortInterface: 0
MIG: 01:36:35 : isPortInterface: 0
MIG: 01:36:35 : isPortInterface: 0
MIG: 01:36:35 : isPortInterface: 0
MIG: 01:36:35 : isPortInterface: 0
MIG: 01:36:35 : isPortInterface: 0
MIG: 01:36:35 : isPortInterface: 0
MIG: 01:36:35 : isPortInterface: 0
MIG: 01:36:35 : isPortInterface: 0
MIG: 01:36:35 : isPortInterface: 0
MIG: 01:36:35 : isPortInterface: 0
MIG: 01:36:35 : isPortInterface: 0
MIG: 01:36:35 : isPortInterface: 0
MIG: 01:36:35 : isPortInterface: 0
MIG: 01:36:35 : isPortInterface: 0
MIG: 01:36:35 : isPortInterface: 0
MIG: 01:36:35 : isPortInterface: 0
MIG: 01:36:35 : isPortInterface: 0
MIG: 01:36:35 : isPortInterface: 0
MIG: 01:36:35 : isPortInterface: 0
MIG: 01:36:35 : isPortInterface: 0
MIG: 01:36:35 : isPortInterface: 0
MIG: 01:36:35 : isPortInterface: 0
MIG: 01:36:35 : isPortInterface: 0
MIG: 01:36:35 : isPortInterface: 0
MIG: 01:36:35 : isPortInterface: 0
MIG: 01:36:35 : isPortInterface: 0
MIG: 01:36:35 : isPortInterface: 0
MIG: 01:36:35 : isPortInterface: 0
MIG: 01:36:35 : isPortInterface: 0
MIG: 01:36:35 : isPortInterface: 0
MIG: 01:36:35 : isPortInterface: 0
MIG: 01:36:35 : isPortInterface: 0
MIG: 01:36:35 : isPortInterface: 0
MIG: 01:36:35 : isPortInterface: 0
MIG: 01:36:35 : isPortInterface: 0
MIG: 01:36:35 : isPortInterface: 0
MIG: 01:36:35 : isPortInterface: 0
MIG: 01:36:35 : isPortInterface: 0
MIG: 01:36:35 : isPortInterface: 0
MIG: 01:36:35 : isPortInterface: 0
MIG: 01:36:35 : isPortInterface: 0
MIG: 01:36:35 : isPortInterface: 0
MIG: 01:36:35 : isPortInterface: 0
MIG: 01:36:35 : isPortInterface: 0
MIG: 01:36:35 : isPortInterface: 0
MIG: 01:36:35 : isPortInterface: 0
MIG: 01:36:35 : isPortInterface: 0
MIG: 01:36:35 : isPortInterface: 0
MIG: 01:36:35 : isPortInterface: 0
MIG: 01:36:35 : isPortInterface: 0
MIG: 01:36:35 : isPortInterface: 0
MIG: 01:36:35 : isPortInterface: 0
MIG: 01:36:35 : isPortInterface: 0
MIG: 01:36:35 : isPortInterface: 0
MIG: 01:36:35 : isPortInterface: 0
MIG: 01:36:35 : isPortInterface: 0
MIG: 01:36:35 : isPortInterface: 0
MIG: 01:36:35 : isPortInterface: 0
MIG: 01:36:35 : isPortInterface: 0
MIG: 01:36:35 : isPortInterface: 0
MIG: 01:36:35 : isPortInterface: 0
MIG: 01:36:35 : isPortInterface: 0
MIG: 01:36:35 : isPortInterface: 0
MIG: 01:36:35 : isPortInterface: 0
MIG: 01:36:35 : isPortInterface: 1
MIG: 01:36:35 : isPortInterface: 0
MIG: 01:36:35 : isPortInterface: 0
MIG: 01:36:35 : isPortInterface: 0
MIG: 01:36:35 : isPortInterface: 0
MIG: 01:36:35 : isPortInterface: 0
MIG: 01:36:35 : isPortInterface: 0
MIG: 01:36:35 : isPortInterface: 0
MIG: 01:36:35 : isPortInterface: 0
MIG: 01:36:35 : isPortInterface: 0
MIG: 01:36:35 : isPortInterface: 0
MIG: 01:36:35 :  locked false  
MIG: 01:36:35 : HDL Language: Verilog
MIG: 01:36:35 : compInfo: true
MIG: 01:36:35 : Vivado Options xc7a100t csg324 -1
MIG: 01:36:35 : 1: xc7a100t 2: csg324 3: -1
MIG: 01:36:35 : relative mig path: coregen/ip/xilinx/other/com/xilinx/ip/mig_7series_v4_0/bin/nt64/mig.exe
MIG: 01:36:35 : xilinx_path: D:/Xilinx/Vivado/2016.2/ids_lite/ISE
MIG: 01:36:35 : I am in catch area
MIG: 01:36:35 : Running D:/Xilinx/Vivado/2016.2/ids_lite/ISE/coregen/ip/xilinx/other/com/xilinx/ip/mig_7series_v4_0/bin/nt64/mig.exe -cg_exc_inp d:/ECE532/Sentry_Gun_V0.1/Sentry_Gun_V0.1.srcs/sources_1/bd/SG_V0/ip/SG_V0_mig_7series_0_0/xil_txt.in -cg_exc_out d:/ECE532/Sentry_Gun_V0.1/Sentry_Gun_V0.1.srcs/sources_1/bd/SG_V0/ip/SG_V0_mig_7series_0_0/xil_txt.out ... 
MIG: 01:36:44 : XML_INPUT_FILE: d:/ECE532/Sentry_Gun_V0.1/Sentry_Gun_V0.1.srcs/sources_1/bd/SG_V0/ip/SG_V0_mig_7series_0_0/board.prj
MIG: 01:36:44 : Component_Name: SG_V0_mig_7series_0_0
MIG: 01:36:44 : Moving SG_V0_mig_7series_0_0 ...
MIG: 01:36:44 : Moving SG_V0_mig_7series_0_0.veo ...
MIG: 01:36:44 : Moving SG_V0_mig_7series_0_0_xmdf.tcl ...
MIG: 01:36:44 : XGUI hdlLanguage: Verilog
MIG: 01:36:44 : xgui vivado_mode: xpg_bd
MIG: 01:36:44 : xgui hdlLanguage: Verilog -- hdlExt: v
MIG: 01:36:44 : Reading D:/ECE532/Sentry_Gun_V0.1/Sentry_Gun_V0.1.srcs/sources_1/bd/SG_V0/ip/SG_V0_mig_7series_0_0/SG_V0_mig_7series_0_0/user_design/rtl/SG_V0_mig_7series_0_0_mig.v ...
MIG: 01:36:45 : 
MIG: 01:36:45 : Inside fn mem: DDR2
MIG: 01:36:45 : QDRII+ Inside fn ui: 81000000
MIG: 01:36:45 : cntrl:  memtype: DDR2
MIG: 01:36:45 : 
MIG: 01:36:45 :  MMCM_VCO single ctrl param_name: MMCM_VCO --  possibleMaxVcoVal: 1200 
MIG: 01:36:45 : 
MIG: 01:36:45 : 
MIG: 01:36:45 : 
MIG: 01:36:45 : 
MIG: 01:36:45 :  polarity_value: 1
MIG: 01:36:45 : 
MIG: 01:36:45 : 
MIG: 01:36:45 : cntrl:  memtype: DDR2
MIG: 01:36:45 :  Invalid Param: DDR2_RST_ACT_LOW ==> 1
MIG: 01:36:45 : 
MIG: 01:36:45 :  Valid Param: DDR2_BANK_WIDTH ==> 3
MIG: 01:36:45 : 
MIG: 01:36:45 :  Valid Param: DDR2_CK_WIDTH ==> 1
MIG: 01:36:45 :  Invalid Param: DDR2_COL_WIDTH ==> 10
MIG: 01:36:45 : 
MIG: 01:36:45 :  Valid Param: DDR2_CS_WIDTH ==> 1
MIG: 01:36:45 : 
MIG: 01:36:45 :  Valid Param: DDR2_nCS_PER_RANK ==> 1
MIG: 01:36:45 : 
MIG: 01:36:45 :  Valid Param: DDR2_CKE_WIDTH ==> 1
MIG: 01:36:45 :  Invalid Param: DDR2_DATA_BUF_ADDR_WIDTH ==> 5
MIG: 01:36:45 :  Invalid Param: DDR2_DQ_CNT_WIDTH ==> 4
MIG: 01:36:45 :  Invalid Param: DDR2_DQ_PER_DM ==> 8
MIG: 01:36:45 : 
MIG: 01:36:45 :  Valid Param: DDR2_DM_WIDTH ==> 2
MIG: 01:36:45 : 
MIG: 01:36:45 :  Valid Param: DDR2_DQ_WIDTH ==> 16
MIG: 01:36:45 : 
MIG: 01:36:45 :  Valid Param: DDR2_DQS_WIDTH ==> 2
MIG: 01:36:45 : 
MIG: 01:36:45 :  Valid Param: DDR2_DQS_CNT_WIDTH ==> 1
MIG: 01:36:45 :  Invalid Param: DDR2_DRAM_WIDTH ==> 8
MIG: 01:36:45 : 
MIG: 01:36:45 :  Valid Param: ECC ==> OFF
MIG: 01:36:45 : 
MIG: 01:36:45 :  Valid Param: DDR2_DATA_WIDTH ==> 16
MIG: 01:36:45 :  Invalid Param: ECC_TEST ==> "OFF"
MIG: 01:36:45 :  Invalid Param: DDR2_PAYLOAD_WIDTH ==> (ECC_TEST == "OFF") ? DATA_WIDTH : DQ_WIDTH
MIG: 01:36:45 :  Invalid Param: DDR2_MEM_ADDR_ORDER ==> "BANK_ROW_COLUMN"
MIG: 01:36:45 :  Invalid Param: DDR2_nBANK_MACHS ==> 4
MIG: 01:36:45 :  Invalid Param: DDR2_RANKS ==> 1
MIG: 01:36:45 : 
MIG: 01:36:45 :  Valid Param: DDR2_ODT_WIDTH ==> 1
MIG: 01:36:45 : 
MIG: 01:36:45 :  Valid Param: DDR2_ROW_WIDTH ==> 13
MIG: 01:36:45 : 
MIG: 01:36:45 :  Valid Param: DDR2_ADDR_WIDTH ==> 27
MIG: 01:36:45 : 
MIG: 01:36:45 :  Valid Param: DDR2_USE_CS_PORT ==> 1
MIG: 01:36:45 : 
MIG: 01:36:45 :  Valid Param: DDR2_USE_DM_PORT ==> 1
MIG: 01:36:45 : 
MIG: 01:36:45 :  Valid Param: DDR2_USE_ODT_PORT ==> 1
MIG: 01:36:45 :  Invalid Param: DDR2_PHY_CONTROL_MASTER_BANK ==> 0
MIG: 01:36:45 :  Invalid Param: DDR2_MEM_DENSITY ==> "1Gb"
MIG: 01:36:45 :  Invalid Param: DDR2_MEM_SPEEDGRADE ==> "25E"
MIG: 01:36:45 :  Invalid Param: DDR2_MEM_DEVICE_WIDTH ==> 16
MIG: 01:36:45 :  Invalid Param: DDR2_AL ==> "0"
MIG: 01:36:45 :  Invalid Param: DDR2_nAL ==> 0
MIG: 01:36:45 :  Invalid Param: DDR2_BURST_MODE ==> "8"
MIG: 01:36:45 :  Invalid Param: DDR2_BURST_TYPE ==> "SEQ"
MIG: 01:36:45 :  Invalid Param: DDR2_CL ==> 5
MIG: 01:36:45 :  Invalid Param: DDR2_OUTPUT_DRV ==> "HIGH"
MIG: 01:36:45 :  Invalid Param: DDR2_RTT_NOM ==> "50"
MIG: 01:36:45 :  Invalid Param: DDR2_ADDR_CMD_MODE ==> "1T"
MIG: 01:36:45 : 
MIG: 01:36:45 :  Valid Param: DDR2_REG_CTRL ==> OFF
MIG: 01:36:45 :  Invalid Param: DDR2_CLKIN_PERIOD ==> 5000
MIG: 01:36:45 :  Invalid Param: DDR2_CLKFBOUT_MULT ==> 13
MIG: 01:36:45 :  Invalid Param: DDR2_DIVCLK_DIVIDE ==> 2
MIG: 01:36:45 :  Invalid Param: DDR2_CLKOUT0_PHASE ==> 0.0
MIG: 01:36:45 :  Invalid Param: DDR2_CLKOUT0_DIVIDE ==> 2
MIG: 01:36:45 :  Invalid Param: DDR2_CLKOUT1_DIVIDE ==> 4
MIG: 01:36:45 :  Invalid Param: DDR2_CLKOUT2_DIVIDE ==> 64
MIG: 01:36:45 :  Invalid Param: DDR2_CLKOUT3_DIVIDE ==> 16
MIG: 01:36:45 :  Invalid Param: DDR2_MMCM_VCO ==> 1200
MIG: 01:36:45 :  Invalid Param: DDR2_MMCM_MULT_F ==> 14
MIG: 01:36:45 :  Invalid Param: DDR2_MMCM_DIVCLK_DIVIDE ==> 1
MIG: 01:36:45 :  Invalid Param: DDR2_tCKE ==> 7500
MIG: 01:36:45 :  Invalid Param: DDR2_tFAW ==> 45000
MIG: 01:36:45 :  Invalid Param: DDR2_tPRDI ==> 1_000_000
MIG: 01:36:45 :  Invalid Param: DDR2_tRAS ==> 40000
MIG: 01:36:45 :  Invalid Param: DDR2_tRCD ==> 15000
MIG: 01:36:45 :  Invalid Param: DDR2_tREFI ==> 7800000
MIG: 01:36:45 :  Invalid Param: DDR2_tRFC ==> 127500
MIG: 01:36:45 :  Invalid Param: DDR2_tRP ==> 12500
MIG: 01:36:45 :  Invalid Param: DDR2_tRRD ==> 10000
MIG: 01:36:45 :  Invalid Param: DDR2_tRTP ==> 7500
MIG: 01:36:45 :  Invalid Param: DDR2_tWTR ==> 7500
MIG: 01:36:45 :  Invalid Param: DDR2_tZQI ==> 128_000_000
MIG: 01:36:45 :  Invalid Param: DDR2_tZQCS ==> 64
MIG: 01:36:45 :  Invalid Param: DDR2_SIM_BYPASS_INIT_CAL ==> "OFF"
MIG: 01:36:45 :  Invalid Param: DDR2_SIMULATION ==> "FALSE"
MIG: 01:36:45 :  Invalid Param: DDR2_BYTE_LANES_B0 ==> 4'b1111
MIG: 01:36:45 :  Invalid Param: DDR2_BYTE_LANES_B1 ==> 4'b0000
MIG: 01:36:45 :  Invalid Param: DDR2_BYTE_LANES_B2 ==> 4'b0000
MIG: 01:36:45 :  Invalid Param: DDR2_BYTE_LANES_B3 ==> 4'b0000
MIG: 01:36:45 :  Invalid Param: DDR2_BYTE_LANES_B4 ==> 4'b0000
MIG: 01:36:45 :  Invalid Param: DDR2_DATA_CTL_B0 ==> 4'b0101
MIG: 01:36:45 :  Invalid Param: DDR2_DATA_CTL_B1 ==> 4'b0000
MIG: 01:36:45 :  Invalid Param: DDR2_DATA_CTL_B2 ==> 4'b0000
MIG: 01:36:45 :  Invalid Param: DDR2_DATA_CTL_B3 ==> 4'b0000
MIG: 01:36:45 :  Invalid Param: DDR2_DATA_CTL_B4 ==> 4'b0000
MIG: 01:36:45 :  Invalid Param: DDR2_PHY_0_BITLANES ==> 48'hFFC_3F7_FFF_3FE
MIG: 01:36:45 :  Invalid Param: DDR2_PHY_1_BITLANES ==> 48'h000_000_000_000
MIG: 01:36:45 :  Invalid Param: DDR2_PHY_2_BITLANES ==> 48'h000_000_000_000
MIG: 01:36:45 :  Invalid Param: DDR2_CK_BYTE_MAP ==> 144'h00_00_00_00_00_00_00_00_00_00_00_00_00_00_00_00_00_03
MIG: 01:36:45 :  Invalid Param: DDR2_ADDR_MAP ==> 192'h000_000_000_010_033_01A_019_032_03A_034_018_036_012_011_017_015
MIG: 01:36:45 :  Invalid Param: DDR2_BANK_MAP ==> 36'h013_016_01B
MIG: 01:36:45 :  Invalid Param: DDR2_CAS_MAP ==> 12'h039
MIG: 01:36:45 :  Invalid Param: DDR2_CKE_ODT_BYTE_MAP ==> 8'h00
MIG: 01:36:45 :  Invalid Param: DDR2_CKE_MAP ==> 96'h000_000_000_000_000_000_000_038
MIG: 01:36:45 :  Invalid Param: DDR2_ODT_MAP ==> 96'h000_000_000_000_000_000_000_035
MIG: 01:36:45 :  Invalid Param: DDR2_CS_MAP ==> 120'h000_000_000_000_000_000_000_000_000_037
MIG: 01:36:45 :  Invalid Param: DDR2_PARITY_MAP ==> 12'h000
MIG: 01:36:45 :  Invalid Param: DDR2_RAS_MAP ==> 12'h014
MIG: 01:36:45 :  Invalid Param: DDR2_WE_MAP ==> 12'h03B
MIG: 01:36:45 :  Invalid Param: DDR2_DQS_BYTE_MAP ==> 144'h00_00_00_00_00_00_00_00_00_00_00_00_00_00_00_00_02_00
MIG: 01:36:45 :  Invalid Param: DDR2_DATA0_MAP ==> 96'h008_004_009_007_005_001_006_003
MIG: 01:36:45 :  Invalid Param: DDR2_DATA1_MAP ==> 96'h022_028_020_024_027_025_026_021
MIG: 01:36:45 :  Invalid Param: DDR2_DATA2_MAP ==> 96'h000_000_000_000_000_000_000_000
MIG: 01:36:45 :  Invalid Param: DDR2_DATA3_MAP ==> 96'h000_000_000_000_000_000_000_000
MIG: 01:36:45 :  Invalid Param: DDR2_DATA4_MAP ==> 96'h000_000_000_000_000_000_000_000
MIG: 01:36:45 :  Invalid Param: DDR2_DATA5_MAP ==> 96'h000_000_000_000_000_000_000_000
MIG: 01:36:45 :  Invalid Param: DDR2_DATA6_MAP ==> 96'h000_000_000_000_000_000_000_000
MIG: 01:36:45 :  Invalid Param: DDR2_DATA7_MAP ==> 96'h000_000_000_000_000_000_000_000
MIG: 01:36:45 :  Invalid Param: DDR2_DATA8_MAP ==> 96'h000_000_000_000_000_000_000_000
MIG: 01:36:45 :  Invalid Param: DDR2_DATA9_MAP ==> 96'h000_000_000_000_000_000_000_000
MIG: 01:36:45 :  Invalid Param: DDR2_DATA10_MAP ==> 96'h000_000_000_000_000_000_000_000
MIG: 01:36:45 :  Invalid Param: DDR2_DATA11_MAP ==> 96'h000_000_000_000_000_000_000_000
MIG: 01:36:45 :  Invalid Param: DDR2_DATA12_MAP ==> 96'h000_000_000_000_000_000_000_000
MIG: 01:36:45 :  Invalid Param: DDR2_DATA13_MAP ==> 96'h000_000_000_000_000_000_000_000
MIG: 01:36:45 :  Invalid Param: DDR2_DATA14_MAP ==> 96'h000_000_000_000_000_000_000_000
MIG: 01:36:45 :  Invalid Param: DDR2_DATA15_MAP ==> 96'h000_000_000_000_000_000_000_000
MIG: 01:36:45 :  Invalid Param: DDR2_DATA16_MAP ==> 96'h000_000_000_000_000_000_000_000
MIG: 01:36:45 :  Invalid Param: DDR2_DATA17_MAP ==> 96'h000_000_000_000_000_000_000_000
MIG: 01:36:45 :  Invalid Param: DDR2_MASK0_MAP ==> 108'h000_000_000_000_000_000_000_029_002
MIG: 01:36:45 :  Invalid Param: DDR2_MASK1_MAP ==> 108'h000_000_000_000_000_000_000_000_000
MIG: 01:36:45 :  Invalid Param: DDR2_SLOT_0_CONFIG ==> 8'b0000_0001
MIG: 01:36:45 :  Invalid Param: DDR2_SLOT_1_CONFIG ==> 8'b0000_0000
MIG: 01:36:45 :  Invalid Param: DDR2_IBUF_LPWR_MODE ==> "OFF"
MIG: 01:36:45 :  Invalid Param: DDR2_DATA_IO_IDLE_PWRDWN ==> "ON"
MIG: 01:36:45 :  Invalid Param: DDR2_BANK_TYPE ==> "HR_IO"
MIG: 01:36:45 :  Invalid Param: DDR2_DATA_IO_PRIM_TYPE ==> "HR_LP"
MIG: 01:36:45 :  Invalid Param: DDR2_CKE_ODT_AUX ==> "FALSE"
MIG: 01:36:45 :  Invalid Param: DDR2_USER_REFRESH ==> "OFF"
MIG: 01:36:45 :  Invalid Param: DDR2_WRLVL ==> "OFF"
MIG: 01:36:45 :  Invalid Param: DDR2_ORDERING ==> "NORM"
MIG: 01:36:45 :  Invalid Param: DDR2_CALIB_ROW_ADD ==> 16'h0000
MIG: 01:36:45 :  Invalid Param: DDR2_CALIB_COL_ADD ==> 12'h000
MIG: 01:36:45 :  Invalid Param: DDR2_CALIB_BA_ADD ==> 3'h0
MIG: 01:36:45 :  Invalid Param: DDR2_TCQ ==> 100
MIG: 01:36:45 :  Invalid Param: DDR2_IODELAY_GRP0 ==> "SG_V0_MIG_7SERIES_0_0_IODELAY_MIG0"
MIG: 01:36:45 :  Invalid Param: DDR2_SYSCLK_TYPE ==> "NO_BUFFER"
MIG: 01:36:45 :  Invalid Param: DDR2_REFCLK_TYPE ==> "USE_SYSTEM_CLOCK"
MIG: 01:36:45 :  Invalid Param: DDR2_SYS_RST_PORT ==> "FALSE"
MIG: 01:36:45 :  Invalid Param: DDR2_CMD_PIPE_PLUS1 ==> "ON"
MIG: 01:36:45 :  Invalid Param: DDR2_DRAM_TYPE ==> "DDR2"
MIG: 01:36:45 :  Invalid Param: DDR2_CAL_WIDTH ==> "HALF"
MIG: 01:36:45 :  Invalid Param: DDR2_STARVE_LIMIT ==> 2
MIG: 01:36:45 :  Invalid Param: DDR2_REFCLK_FREQ ==> 200.0
MIG: 01:36:45 :  Invalid Param: DDR2_DIFF_TERM_REFCLK ==> "TRUE"
MIG: 01:36:45 :  Invalid Param: DDR2_tCK ==> 3077
MIG: 01:36:45 : 
MIG: 01:36:45 :  Valid Param: DDR2_nCK_PER_CLK ==> 4
MIG: 01:36:45 :  Invalid Param: DDR2_DIFF_TERM_SYSCLK ==> "TRUE"
MIG: 01:36:45 : 
MIG: 01:36:45 :  Valid Param: UI_EXTRA_CLOCKS ==> FALSE
MIG: 01:36:45 : 
MIG: 01:36:45 :  Valid Param: C_S_AXI_ID_WIDTH ==> 1
MIG: 01:36:46 : 
MIG: 01:36:46 :  Valid Param: C_S_AXI_MEM_SIZE ==> 134217728
MIG: 01:36:46 : 
MIG: 01:36:46 :  Valid Param: C_S_AXI_ADDR_WIDTH ==> 32
MIG: 01:36:46 : 
MIG: 01:36:46 :  Valid Param: C_S_AXI_DATA_WIDTH ==> 64
MIG: 01:36:46 :  Invalid Param: DDR2_C_MC_nCK_PER_CLK ==> 4
MIG: 01:36:46 :  Invalid Param: C_S_AXI_SUPPORTS_NARROW_BURST ==> 0
MIG: 01:36:46 :  Invalid Param: DDR2_C_RD_WR_ARB_ALGORITHM ==> "RD_PRI_REG"
MIG: 01:36:46 :  Invalid Param: C_S_AXI_REG_EN0 ==> 20'h00000
MIG: 01:36:46 :  Invalid Param: C_S_AXI_REG_EN1 ==> 20'h00000
MIG: 01:36:46 : 
MIG: 01:36:46 :  Valid Param: C_S_AXI_CTRL_ADDR_WIDTH ==> 32
MIG: 01:36:46 : 
MIG: 01:36:46 :  Valid Param: C_S_AXI_CTRL_DATA_WIDTH ==> 32
MIG: 01:36:46 :  Invalid Param: C_S_AXI_BASEADDR ==> 32'h0000_0000
MIG: 01:36:46 :  Invalid Param: C_ECC_ONOFF_RESET_VALUE ==> 1
MIG: 01:36:46 :  Invalid Param: C_ECC_CE_COUNTER_WIDTH ==> 8
MIG: 01:36:46 : 
MIG: 01:36:46 :  Valid Param: DDR2_DEBUG_PORT ==> OFF
MIG: 01:36:46 : 
MIG: 01:36:46 :  Invalid Param: DDR2_TEMP_MON_CONTROL ==> "INTERNAL"
MIG: 01:36:46 : 
MIG: 01:36:46 : 
MIG: 01:36:46 : 
MIG: 01:36:46 : Same Interface
MIG: 01:39:11 : xml_input_file: board.prj
MIG: 01:39:11 : Absolute path of xml_input_file: d:/ECE532/Sentry_Gun_V0.1/Sentry_Gun_V0.1.srcs/sources_1/bd/SG_V0/ip/SG_V0_mig_7series_0_0/board.prj
MIG: 01:39:11 : In updateAllModelParams
MIG: 01:39:11 : IGN:     <ModuleName>design_1_mig_7series_0_2</ModuleName> <==>     <ModuleName>SG_V0_mig_7series_0_0</ModuleName> 
MIG: 01:39:11 : ERR:     <Version>2.2</Version> <==>     <Version>4.0</Version> 
MIG: 01:39:11 : ################# RUNNING MIG BATCH ###################
MIG: 01:39:11 : Writing IN file for 'SG_V0_mig_7series_0_0'...compDirPath: d:/Xilinx/Vivado/2016.2/data/ip/xilinx/mig_7series_v4_0... instDirPath: d:/ECE532/Sentry_Gun_V0.1/Sentry_Gun_V0.1.srcs/sources_1/bd/SG_V0/ip/SG_V0_mig_7series_0_0
MIG: 01:39:11 : synp_flow:  -- synthesis_mode: Other
MIG: 01:39:11 : outputDirectory: d:/ECE532/Sentry_Gun_V0.1/Sentry_Gun_V0.1.srcs/sources_1/bd/SG_V0/ip/SG_V0_mig_7series_0_0/_tmp/
MIG: 01:39:11 : vivado_mode: xpg_bd
MIG: 01:39:11 : isPortInterface: 0
MIG: 01:39:11 : isPortInterface: 0
MIG: 01:39:11 : isPortInterface: 0
MIG: 01:39:11 : isPortInterface: 0
MIG: 01:39:11 : isPortInterface: 0
MIG: 01:39:11 : isPortInterface: 0
MIG: 01:39:11 : isPortInterface: 0
MIG: 01:39:11 : isPortInterface: 0
MIG: 01:39:11 : isPortInterface: 0
MIG: 01:39:11 : isPortInterface: 0
MIG: 01:39:11 : isPortInterface: 0
MIG: 01:39:11 : isPortInterface: 0
MIG: 01:39:11 : isPortInterface: 0
MIG: 01:39:11 : isPortInterface: 0
MIG: 01:39:11 : isPortInterface: 0
MIG: 01:39:11 : isPortInterface: 0
MIG: 01:39:11 : isPortInterface: 0
MIG: 01:39:11 : isPortInterface: 0
MIG: 01:39:11 : isPortInterface: 0
MIG: 01:39:11 : isPortInterface: 0
MIG: 01:39:11 : isPortInterface: 0
MIG: 01:39:11 : isPortInterface: 0
MIG: 01:39:11 : isPortInterface: 0
MIG: 01:39:11 : isPortInterface: 0
MIG: 01:39:11 : isPortInterface: 0
MIG: 01:39:11 : isPortInterface: 0
MIG: 01:39:11 : isPortInterface: 0
MIG: 01:39:11 : isPortInterface: 0
MIG: 01:39:11 : isPortInterface: 0
MIG: 01:39:11 : isPortInterface: 0
MIG: 01:39:11 : isPortInterface: 0
MIG: 01:39:11 : isPortInterface: 0
MIG: 01:39:11 : isPortInterface: 0
MIG: 01:39:11 : isPortInterface: 0
MIG: 01:39:11 : isPortInterface: 0
MIG: 01:39:11 : isPortInterface: 0
MIG: 01:39:11 : isPortInterface: 0
MIG: 01:39:11 : isPortInterface: 0
MIG: 01:39:11 : isPortInterface: 0
MIG: 01:39:11 : isPortInterface: 0
MIG: 01:39:11 : isPortInterface: 0
MIG: 01:39:11 : isPortInterface: 0
MIG: 01:39:11 : isPortInterface: 0
MIG: 01:39:11 : isPortInterface: 0
MIG: 01:39:11 : isPortInterface: 0
MIG: 01:39:11 : isPortInterface: 0
MIG: 01:39:11 : isPortInterface: 0
MIG: 01:39:11 : isPortInterface: 0
MIG: 01:39:11 : isPortInterface: 0
MIG: 01:39:11 : isPortInterface: 0
MIG: 01:39:11 : isPortInterface: 0
MIG: 01:39:11 : isPortInterface: 0
MIG: 01:39:11 : isPortInterface: 0
MIG: 01:39:11 : isPortInterface: 0
MIG: 01:39:11 : isPortInterface: 0
MIG: 01:39:11 : isPortInterface: 0
MIG: 01:39:11 : isPortInterface: 0
MIG: 01:39:11 : isPortInterface: 0
MIG: 01:39:11 : isPortInterface: 0
MIG: 01:39:11 : isPortInterface: 0
MIG: 01:39:11 : isPortInterface: 0
MIG: 01:39:11 : isPortInterface: 0
MIG: 01:39:11 : isPortInterface: 0
MIG: 01:39:11 : isPortInterface: 0
MIG: 01:39:11 : isPortInterface: 0
MIG: 01:39:11 : isPortInterface: 0
MIG: 01:39:11 : isPortInterface: 0
MIG: 01:39:11 : isPortInterface: 0
MIG: 01:39:11 : isPortInterface: 0
MIG: 01:39:11 : isPortInterface: 0
MIG: 01:39:11 : isPortInterface: 0
MIG: 01:39:11 : isPortInterface: 0
MIG: 01:39:11 : isPortInterface: 0
MIG: 01:39:11 : isPortInterface: 0
MIG: 01:39:11 : isPortInterface: 0
MIG: 01:39:11 : isPortInterface: 0
MIG: 01:39:11 : isPortInterface: 0
MIG: 01:39:11 : isPortInterface: 0
MIG: 01:39:11 : isPortInterface: 0
MIG: 01:39:11 : isPortInterface: 0
MIG: 01:39:11 : isPortInterface: 0
MIG: 01:39:11 : isPortInterface: 0
MIG: 01:39:11 : isPortInterface: 0
MIG: 01:39:11 : isPortInterface: 0
MIG: 01:39:11 : isPortInterface: 0
MIG: 01:39:11 : isPortInterface: 0
MIG: 01:39:11 : isPortInterface: 0
MIG: 01:39:11 : isPortInterface: 0
MIG: 01:39:11 : isPortInterface: 0
MIG: 01:39:11 : isPortInterface: 0
MIG: 01:39:11 : isPortInterface: 0
MIG: 01:39:11 : isPortInterface: 0
MIG: 01:39:11 : isPortInterface: 0
MIG: 01:39:11 : isPortInterface: 0
MIG: 01:39:11 : isPortInterface: 0
MIG: 01:39:11 : isPortInterface: 0
MIG: 01:39:11 : isPortInterface: 0
MIG: 01:39:11 : isPortInterface: 0
MIG: 01:39:11 : isPortInterface: 0
MIG: 01:39:11 : isPortInterface: 0
MIG: 01:39:11 : isPortInterface: 0
MIG: 01:39:11 : isPortInterface: 0
MIG: 01:39:11 : isPortInterface: 0
MIG: 01:39:11 : isPortInterface: 0
MIG: 01:39:11 : isPortInterface: 0
MIG: 01:39:11 : isPortInterface: 0
MIG: 01:39:11 : isPortInterface: 0
MIG: 01:39:11 : isPortInterface: 0
MIG: 01:39:11 : isPortInterface: 0
MIG: 01:39:11 : isPortInterface: 0
MIG: 01:39:11 : isPortInterface: 0
MIG: 01:39:11 : isPortInterface: 0
MIG: 01:39:11 : isPortInterface: 0
MIG: 01:39:11 : isPortInterface: 0
MIG: 01:39:11 : isPortInterface: 0
MIG: 01:39:11 : isPortInterface: 0
MIG: 01:39:11 : isPortInterface: 1
MIG: 01:39:11 : isPortInterface: 0
MIG: 01:39:11 : isPortInterface: 0
MIG: 01:39:11 : isPortInterface: 0
MIG: 01:39:11 : isPortInterface: 0
MIG: 01:39:11 : isPortInterface: 0
MIG: 01:39:11 : isPortInterface: 0
MIG: 01:39:11 : isPortInterface: 0
MIG: 01:39:11 : isPortInterface: 0
MIG: 01:39:11 : isPortInterface: 0
MIG: 01:39:11 : isPortInterface: 0
MIG: 01:39:11 :  locked false  
MIG: 01:39:11 : HDL Language: Verilog
MIG: 01:39:11 : compInfo: true
MIG: 01:39:11 : Vivado Options xc7a100t csg324 -1
MIG: 01:39:11 : 1: xc7a100t 2: csg324 3: -1
MIG: 01:39:11 : relative mig path: coregen/ip/xilinx/other/com/xilinx/ip/mig_7series_v4_0/bin/nt64/mig.exe
MIG: 01:39:11 : xilinx_path: D:/Xilinx/Vivado/2016.2/ids_lite/ISE
MIG: 01:39:11 : I am in catch area
MIG: 01:39:11 : Running D:/Xilinx/Vivado/2016.2/ids_lite/ISE/coregen/ip/xilinx/other/com/xilinx/ip/mig_7series_v4_0/bin/nt64/mig.exe -cg_exc_inp d:/ECE532/Sentry_Gun_V0.1/Sentry_Gun_V0.1.srcs/sources_1/bd/SG_V0/ip/SG_V0_mig_7series_0_0/xil_txt.in -cg_exc_out d:/ECE532/Sentry_Gun_V0.1/Sentry_Gun_V0.1.srcs/sources_1/bd/SG_V0/ip/SG_V0_mig_7series_0_0/xil_txt.out ... 
MIG: 01:39:20 : XML_INPUT_FILE: d:/ECE532/Sentry_Gun_V0.1/Sentry_Gun_V0.1.srcs/sources_1/bd/SG_V0/ip/SG_V0_mig_7series_0_0/board.prj
MIG: 01:39:20 : Component_Name: SG_V0_mig_7series_0_0
MIG: 01:39:20 : Moving SG_V0_mig_7series_0_0 ...
MIG: 01:39:20 : Moving SG_V0_mig_7series_0_0.veo ...
MIG: 01:39:20 : Moving SG_V0_mig_7series_0_0_xmdf.tcl ...
MIG: 01:39:20 : XGUI hdlLanguage: Verilog
MIG: 01:39:20 : xgui vivado_mode: xpg_bd
MIG: 01:39:20 : xgui hdlLanguage: Verilog -- hdlExt: v
MIG: 01:39:20 : Reading D:/ECE532/Sentry_Gun_V0.1/Sentry_Gun_V0.1.srcs/sources_1/bd/SG_V0/ip/SG_V0_mig_7series_0_0/SG_V0_mig_7series_0_0/user_design/rtl/SG_V0_mig_7series_0_0_mig.v ...
MIG: 01:39:21 : 
MIG: 01:39:21 : Inside fn mem: DDR2
MIG: 01:39:21 : QDRII+ Inside fn ui: 81000000
MIG: 01:39:21 : cntrl:  memtype: DDR2
MIG: 01:39:21 : 
MIG: 01:39:21 :  MMCM_VCO single ctrl param_name: MMCM_VCO --  possibleMaxVcoVal: 1200 
MIG: 01:39:21 : 
MIG: 01:39:21 : 
MIG: 01:39:21 : 
MIG: 01:39:21 : 
MIG: 01:39:21 :  polarity_value: 1
MIG: 01:39:21 : 
MIG: 01:39:21 : 
MIG: 01:39:21 : cntrl:  memtype: DDR2
MIG: 01:39:21 :  Invalid Param: DDR2_RST_ACT_LOW ==> 1
MIG: 01:39:21 : 
MIG: 01:39:21 :  Valid Param: DDR2_BANK_WIDTH ==> 3
MIG: 01:39:21 : 
MIG: 01:39:21 :  Valid Param: DDR2_CK_WIDTH ==> 1
MIG: 01:39:21 :  Invalid Param: DDR2_COL_WIDTH ==> 10
MIG: 01:39:21 : 
MIG: 01:39:21 :  Valid Param: DDR2_CS_WIDTH ==> 1
MIG: 01:39:21 : 
MIG: 01:39:21 :  Valid Param: DDR2_nCS_PER_RANK ==> 1
MIG: 01:39:21 : 
MIG: 01:39:21 :  Valid Param: DDR2_CKE_WIDTH ==> 1
MIG: 01:39:21 :  Invalid Param: DDR2_DATA_BUF_ADDR_WIDTH ==> 5
MIG: 01:39:21 :  Invalid Param: DDR2_DQ_CNT_WIDTH ==> 4
MIG: 01:39:21 :  Invalid Param: DDR2_DQ_PER_DM ==> 8
MIG: 01:39:21 : 
MIG: 01:39:21 :  Valid Param: DDR2_DM_WIDTH ==> 2
MIG: 01:39:21 : 
MIG: 01:39:21 :  Valid Param: DDR2_DQ_WIDTH ==> 16
MIG: 01:39:21 : 
MIG: 01:39:21 :  Valid Param: DDR2_DQS_WIDTH ==> 2
MIG: 01:39:21 : 
MIG: 01:39:21 :  Valid Param: DDR2_DQS_CNT_WIDTH ==> 1
MIG: 01:39:21 :  Invalid Param: DDR2_DRAM_WIDTH ==> 8
MIG: 01:39:21 : 
MIG: 01:39:21 :  Valid Param: ECC ==> OFF
MIG: 01:39:21 : 
MIG: 01:39:21 :  Valid Param: DDR2_DATA_WIDTH ==> 16
MIG: 01:39:21 :  Invalid Param: ECC_TEST ==> "OFF"
MIG: 01:39:21 :  Invalid Param: DDR2_PAYLOAD_WIDTH ==> (ECC_TEST == "OFF") ? DATA_WIDTH : DQ_WIDTH
MIG: 01:39:21 :  Invalid Param: DDR2_MEM_ADDR_ORDER ==> "BANK_ROW_COLUMN"
MIG: 01:39:21 :  Invalid Param: DDR2_nBANK_MACHS ==> 4
MIG: 01:39:21 :  Invalid Param: DDR2_RANKS ==> 1
MIG: 01:39:21 : 
MIG: 01:39:21 :  Valid Param: DDR2_ODT_WIDTH ==> 1
MIG: 01:39:21 : 
MIG: 01:39:21 :  Valid Param: DDR2_ROW_WIDTH ==> 13
MIG: 01:39:21 : 
MIG: 01:39:21 :  Valid Param: DDR2_ADDR_WIDTH ==> 27
MIG: 01:39:21 : 
MIG: 01:39:21 :  Valid Param: DDR2_USE_CS_PORT ==> 1
MIG: 01:39:21 : 
MIG: 01:39:21 :  Valid Param: DDR2_USE_DM_PORT ==> 1
MIG: 01:39:21 : 
MIG: 01:39:21 :  Valid Param: DDR2_USE_ODT_PORT ==> 1
MIG: 01:39:21 :  Invalid Param: DDR2_PHY_CONTROL_MASTER_BANK ==> 0
MIG: 01:39:21 :  Invalid Param: DDR2_MEM_DENSITY ==> "1Gb"
MIG: 01:39:21 :  Invalid Param: DDR2_MEM_SPEEDGRADE ==> "25E"
MIG: 01:39:21 :  Invalid Param: DDR2_MEM_DEVICE_WIDTH ==> 16
MIG: 01:39:21 :  Invalid Param: DDR2_AL ==> "0"
MIG: 01:39:21 :  Invalid Param: DDR2_nAL ==> 0
MIG: 01:39:21 :  Invalid Param: DDR2_BURST_MODE ==> "8"
MIG: 01:39:21 :  Invalid Param: DDR2_BURST_TYPE ==> "SEQ"
MIG: 01:39:21 :  Invalid Param: DDR2_CL ==> 5
MIG: 01:39:21 :  Invalid Param: DDR2_OUTPUT_DRV ==> "HIGH"
MIG: 01:39:21 :  Invalid Param: DDR2_RTT_NOM ==> "50"
MIG: 01:39:21 :  Invalid Param: DDR2_ADDR_CMD_MODE ==> "1T"
MIG: 01:39:21 : 
MIG: 01:39:22 :  Valid Param: DDR2_REG_CTRL ==> OFF
MIG: 01:39:22 :  Invalid Param: DDR2_CLKIN_PERIOD ==> 5000
MIG: 01:39:22 :  Invalid Param: DDR2_CLKFBOUT_MULT ==> 13
MIG: 01:39:22 :  Invalid Param: DDR2_DIVCLK_DIVIDE ==> 2
MIG: 01:39:22 :  Invalid Param: DDR2_CLKOUT0_PHASE ==> 0.0
MIG: 01:39:22 :  Invalid Param: DDR2_CLKOUT0_DIVIDE ==> 2
MIG: 01:39:22 :  Invalid Param: DDR2_CLKOUT1_DIVIDE ==> 4
MIG: 01:39:22 :  Invalid Param: DDR2_CLKOUT2_DIVIDE ==> 64
MIG: 01:39:22 :  Invalid Param: DDR2_CLKOUT3_DIVIDE ==> 16
MIG: 01:39:22 :  Invalid Param: DDR2_MMCM_VCO ==> 1200
MIG: 01:39:22 :  Invalid Param: DDR2_MMCM_MULT_F ==> 14
MIG: 01:39:22 :  Invalid Param: DDR2_MMCM_DIVCLK_DIVIDE ==> 1
MIG: 01:39:22 :  Invalid Param: DDR2_tCKE ==> 7500
MIG: 01:39:22 :  Invalid Param: DDR2_tFAW ==> 45000
MIG: 01:39:22 :  Invalid Param: DDR2_tPRDI ==> 1_000_000
MIG: 01:39:22 :  Invalid Param: DDR2_tRAS ==> 40000
MIG: 01:39:22 :  Invalid Param: DDR2_tRCD ==> 15000
MIG: 01:39:22 :  Invalid Param: DDR2_tREFI ==> 7800000
MIG: 01:39:22 :  Invalid Param: DDR2_tRFC ==> 127500
MIG: 01:39:22 :  Invalid Param: DDR2_tRP ==> 12500
MIG: 01:39:22 :  Invalid Param: DDR2_tRRD ==> 10000
MIG: 01:39:22 :  Invalid Param: DDR2_tRTP ==> 7500
MIG: 01:39:22 :  Invalid Param: DDR2_tWTR ==> 7500
MIG: 01:39:22 :  Invalid Param: DDR2_tZQI ==> 128_000_000
MIG: 01:39:22 :  Invalid Param: DDR2_tZQCS ==> 64
MIG: 01:39:22 :  Invalid Param: DDR2_SIM_BYPASS_INIT_CAL ==> "OFF"
MIG: 01:39:22 :  Invalid Param: DDR2_SIMULATION ==> "FALSE"
MIG: 01:39:22 :  Invalid Param: DDR2_BYTE_LANES_B0 ==> 4'b1111
MIG: 01:39:22 :  Invalid Param: DDR2_BYTE_LANES_B1 ==> 4'b0000
MIG: 01:39:22 :  Invalid Param: DDR2_BYTE_LANES_B2 ==> 4'b0000
MIG: 01:39:22 :  Invalid Param: DDR2_BYTE_LANES_B3 ==> 4'b0000
MIG: 01:39:22 :  Invalid Param: DDR2_BYTE_LANES_B4 ==> 4'b0000
MIG: 01:39:22 :  Invalid Param: DDR2_DATA_CTL_B0 ==> 4'b0101
MIG: 01:39:22 :  Invalid Param: DDR2_DATA_CTL_B1 ==> 4'b0000
MIG: 01:39:22 :  Invalid Param: DDR2_DATA_CTL_B2 ==> 4'b0000
MIG: 01:39:22 :  Invalid Param: DDR2_DATA_CTL_B3 ==> 4'b0000
MIG: 01:39:22 :  Invalid Param: DDR2_DATA_CTL_B4 ==> 4'b0000
MIG: 01:39:22 :  Invalid Param: DDR2_PHY_0_BITLANES ==> 48'hFFC_3F7_FFF_3FE
MIG: 01:39:22 :  Invalid Param: DDR2_PHY_1_BITLANES ==> 48'h000_000_000_000
MIG: 01:39:22 :  Invalid Param: DDR2_PHY_2_BITLANES ==> 48'h000_000_000_000
MIG: 01:39:22 :  Invalid Param: DDR2_CK_BYTE_MAP ==> 144'h00_00_00_00_00_00_00_00_00_00_00_00_00_00_00_00_00_03
MIG: 01:39:22 :  Invalid Param: DDR2_ADDR_MAP ==> 192'h000_000_000_010_033_01A_019_032_03A_034_018_036_012_011_017_015
MIG: 01:39:22 :  Invalid Param: DDR2_BANK_MAP ==> 36'h013_016_01B
MIG: 01:39:22 :  Invalid Param: DDR2_CAS_MAP ==> 12'h039
MIG: 01:39:22 :  Invalid Param: DDR2_CKE_ODT_BYTE_MAP ==> 8'h00
MIG: 01:39:22 :  Invalid Param: DDR2_CKE_MAP ==> 96'h000_000_000_000_000_000_000_038
MIG: 01:39:22 :  Invalid Param: DDR2_ODT_MAP ==> 96'h000_000_000_000_000_000_000_035
MIG: 01:39:22 :  Invalid Param: DDR2_CS_MAP ==> 120'h000_000_000_000_000_000_000_000_000_037
MIG: 01:39:22 :  Invalid Param: DDR2_PARITY_MAP ==> 12'h000
MIG: 01:39:22 :  Invalid Param: DDR2_RAS_MAP ==> 12'h014
MIG: 01:39:22 :  Invalid Param: DDR2_WE_MAP ==> 12'h03B
MIG: 01:39:22 :  Invalid Param: DDR2_DQS_BYTE_MAP ==> 144'h00_00_00_00_00_00_00_00_00_00_00_00_00_00_00_00_02_00
MIG: 01:39:22 :  Invalid Param: DDR2_DATA0_MAP ==> 96'h008_004_009_007_005_001_006_003
MIG: 01:39:22 :  Invalid Param: DDR2_DATA1_MAP ==> 96'h022_028_020_024_027_025_026_021
MIG: 01:39:22 :  Invalid Param: DDR2_DATA2_MAP ==> 96'h000_000_000_000_000_000_000_000
MIG: 01:39:22 :  Invalid Param: DDR2_DATA3_MAP ==> 96'h000_000_000_000_000_000_000_000
MIG: 01:39:22 :  Invalid Param: DDR2_DATA4_MAP ==> 96'h000_000_000_000_000_000_000_000
MIG: 01:39:22 :  Invalid Param: DDR2_DATA5_MAP ==> 96'h000_000_000_000_000_000_000_000
MIG: 01:39:22 :  Invalid Param: DDR2_DATA6_MAP ==> 96'h000_000_000_000_000_000_000_000
MIG: 01:39:22 :  Invalid Param: DDR2_DATA7_MAP ==> 96'h000_000_000_000_000_000_000_000
MIG: 01:39:22 :  Invalid Param: DDR2_DATA8_MAP ==> 96'h000_000_000_000_000_000_000_000
MIG: 01:39:22 :  Invalid Param: DDR2_DATA9_MAP ==> 96'h000_000_000_000_000_000_000_000
MIG: 01:39:22 :  Invalid Param: DDR2_DATA10_MAP ==> 96'h000_000_000_000_000_000_000_000
MIG: 01:39:22 :  Invalid Param: DDR2_DATA11_MAP ==> 96'h000_000_000_000_000_000_000_000
MIG: 01:39:22 :  Invalid Param: DDR2_DATA12_MAP ==> 96'h000_000_000_000_000_000_000_000
MIG: 01:39:22 :  Invalid Param: DDR2_DATA13_MAP ==> 96'h000_000_000_000_000_000_000_000
MIG: 01:39:22 :  Invalid Param: DDR2_DATA14_MAP ==> 96'h000_000_000_000_000_000_000_000
MIG: 01:39:22 :  Invalid Param: DDR2_DATA15_MAP ==> 96'h000_000_000_000_000_000_000_000
MIG: 01:39:22 :  Invalid Param: DDR2_DATA16_MAP ==> 96'h000_000_000_000_000_000_000_000
MIG: 01:39:22 :  Invalid Param: DDR2_DATA17_MAP ==> 96'h000_000_000_000_000_000_000_000
MIG: 01:39:22 :  Invalid Param: DDR2_MASK0_MAP ==> 108'h000_000_000_000_000_000_000_029_002
MIG: 01:39:22 :  Invalid Param: DDR2_MASK1_MAP ==> 108'h000_000_000_000_000_000_000_000_000
MIG: 01:39:22 :  Invalid Param: DDR2_SLOT_0_CONFIG ==> 8'b0000_0001
MIG: 01:39:22 :  Invalid Param: DDR2_SLOT_1_CONFIG ==> 8'b0000_0000
MIG: 01:39:22 :  Invalid Param: DDR2_IBUF_LPWR_MODE ==> "OFF"
MIG: 01:39:22 :  Invalid Param: DDR2_DATA_IO_IDLE_PWRDWN ==> "ON"
MIG: 01:39:22 :  Invalid Param: DDR2_BANK_TYPE ==> "HR_IO"
MIG: 01:39:22 :  Invalid Param: DDR2_DATA_IO_PRIM_TYPE ==> "HR_LP"
MIG: 01:39:22 :  Invalid Param: DDR2_CKE_ODT_AUX ==> "FALSE"
MIG: 01:39:22 :  Invalid Param: DDR2_USER_REFRESH ==> "OFF"
MIG: 01:39:22 :  Invalid Param: DDR2_WRLVL ==> "OFF"
MIG: 01:39:22 :  Invalid Param: DDR2_ORDERING ==> "NORM"
MIG: 01:39:22 :  Invalid Param: DDR2_CALIB_ROW_ADD ==> 16'h0000
MIG: 01:39:22 :  Invalid Param: DDR2_CALIB_COL_ADD ==> 12'h000
MIG: 01:39:22 :  Invalid Param: DDR2_CALIB_BA_ADD ==> 3'h0
MIG: 01:39:22 :  Invalid Param: DDR2_TCQ ==> 100
MIG: 01:39:22 :  Invalid Param: DDR2_IODELAY_GRP0 ==> "SG_V0_MIG_7SERIES_0_0_IODELAY_MIG0"
MIG: 01:39:22 :  Invalid Param: DDR2_SYSCLK_TYPE ==> "NO_BUFFER"
MIG: 01:39:22 :  Invalid Param: DDR2_REFCLK_TYPE ==> "USE_SYSTEM_CLOCK"
MIG: 01:39:22 :  Invalid Param: DDR2_SYS_RST_PORT ==> "FALSE"
MIG: 01:39:22 :  Invalid Param: DDR2_CMD_PIPE_PLUS1 ==> "ON"
MIG: 01:39:22 :  Invalid Param: DDR2_DRAM_TYPE ==> "DDR2"
MIG: 01:39:22 :  Invalid Param: DDR2_CAL_WIDTH ==> "HALF"
MIG: 01:39:22 :  Invalid Param: DDR2_STARVE_LIMIT ==> 2
MIG: 01:39:22 :  Invalid Param: DDR2_REFCLK_FREQ ==> 200.0
MIG: 01:39:22 :  Invalid Param: DDR2_DIFF_TERM_REFCLK ==> "TRUE"
MIG: 01:39:22 :  Invalid Param: DDR2_tCK ==> 3077
MIG: 01:39:22 : 
MIG: 01:39:22 :  Valid Param: DDR2_nCK_PER_CLK ==> 4
MIG: 01:39:22 :  Invalid Param: DDR2_DIFF_TERM_SYSCLK ==> "TRUE"
MIG: 01:39:22 : 
MIG: 01:39:22 :  Valid Param: UI_EXTRA_CLOCKS ==> FALSE
MIG: 01:39:22 : 
MIG: 01:39:22 :  Valid Param: C_S_AXI_ID_WIDTH ==> 1
MIG: 01:39:22 : 
MIG: 01:39:22 :  Valid Param: C_S_AXI_MEM_SIZE ==> 134217728
MIG: 01:39:22 : 
MIG: 01:39:22 :  Valid Param: C_S_AXI_ADDR_WIDTH ==> 32
MIG: 01:39:22 : 
MIG: 01:39:22 :  Valid Param: C_S_AXI_DATA_WIDTH ==> 64
MIG: 01:39:22 :  Invalid Param: DDR2_C_MC_nCK_PER_CLK ==> 4
MIG: 01:39:22 :  Invalid Param: C_S_AXI_SUPPORTS_NARROW_BURST ==> 0
MIG: 01:39:22 :  Invalid Param: DDR2_C_RD_WR_ARB_ALGORITHM ==> "RD_PRI_REG"
MIG: 01:39:22 :  Invalid Param: C_S_AXI_REG_EN0 ==> 20'h00000
MIG: 01:39:22 :  Invalid Param: C_S_AXI_REG_EN1 ==> 20'h00000
MIG: 01:39:22 : 
MIG: 01:39:22 :  Valid Param: C_S_AXI_CTRL_ADDR_WIDTH ==> 32
MIG: 01:39:22 : 
MIG: 01:39:22 :  Valid Param: C_S_AXI_CTRL_DATA_WIDTH ==> 32
MIG: 01:39:22 :  Invalid Param: C_S_AXI_BASEADDR ==> 32'h0000_0000
MIG: 01:39:22 :  Invalid Param: C_ECC_ONOFF_RESET_VALUE ==> 1
MIG: 01:39:22 :  Invalid Param: C_ECC_CE_COUNTER_WIDTH ==> 8
MIG: 01:39:22 : 
MIG: 01:39:22 :  Valid Param: DDR2_DEBUG_PORT ==> OFF
MIG: 01:39:22 : 
MIG: 01:39:22 :  Invalid Param: DDR2_TEMP_MON_CONTROL ==> "INTERNAL"
MIG: 01:39:22 : 
MIG: 01:39:22 : 
MIG: 01:39:22 : 
MIG: 01:39:22 : Same Interface
MIG: 01:58:07 : Running synthesis.xit
MIG: 01:58:07 : IGN:     <ModuleName>design_1_mig_7series_0_2</ModuleName> <==>     <ModuleName>SG_V0_mig_7series_0_0</ModuleName> 
MIG: 01:58:07 : ERR:     <Version>2.2</Version> <==>     <Version>4.0</Version> 
MIG: 01:58:07 : ################# RUNNING MIG BATCH ###################
MIG: 01:58:07 : Writing IN file for 'SG_V0_mig_7series_0_0'...compDirPath: d:/Xilinx/Vivado/2016.2/data/ip/xilinx/mig_7series_v4_0... instDirPath: d:/ECE532/Sentry_Gun_V0.1/Sentry_Gun_V0.1.srcs/sources_1/bd/SG_V0/ip/SG_V0_mig_7series_0_0
MIG: 01:58:07 : synp_flow:  -- synthesis_mode: Other
MIG: 01:58:07 : outputDirectory: d:/ECE532/Sentry_Gun_V0.1/Sentry_Gun_V0.1.srcs/sources_1/bd/SG_V0/ip/SG_V0_mig_7series_0_0/_tmp/
MIG: 01:58:07 : vivado_mode: xpg_bd
MIG: 01:58:07 : isPortInterface: 0
MIG: 01:58:07 : isPortInterface: 0
MIG: 01:58:07 : isPortInterface: 0
MIG: 01:58:07 : isPortInterface: 0
MIG: 01:58:07 : isPortInterface: 0
MIG: 01:58:07 : isPortInterface: 0
MIG: 01:58:07 : isPortInterface: 0
MIG: 01:58:07 : isPortInterface: 0
MIG: 01:58:07 : isPortInterface: 0
MIG: 01:58:07 : isPortInterface: 0
MIG: 01:58:07 : isPortInterface: 0
MIG: 01:58:07 : isPortInterface: 0
MIG: 01:58:07 : isPortInterface: 0
MIG: 01:58:07 : isPortInterface: 0
MIG: 01:58:07 : isPortInterface: 0
MIG: 01:58:07 : isPortInterface: 0
MIG: 01:58:07 : isPortInterface: 0
MIG: 01:58:07 : isPortInterface: 0
MIG: 01:58:07 : isPortInterface: 0
MIG: 01:58:07 : isPortInterface: 0
MIG: 01:58:07 : isPortInterface: 0
MIG: 01:58:07 : isPortInterface: 0
MIG: 01:58:07 : isPortInterface: 0
MIG: 01:58:07 : isPortInterface: 0
MIG: 01:58:07 : isPortInterface: 0
MIG: 01:58:07 : isPortInterface: 0
MIG: 01:58:07 : isPortInterface: 0
MIG: 01:58:07 : isPortInterface: 0
MIG: 01:58:07 : isPortInterface: 0
MIG: 01:58:07 : isPortInterface: 0
MIG: 01:58:07 : isPortInterface: 0
MIG: 01:58:07 : isPortInterface: 0
MIG: 01:58:07 : isPortInterface: 0
MIG: 01:58:07 : isPortInterface: 0
MIG: 01:58:07 : isPortInterface: 0
MIG: 01:58:07 : isPortInterface: 0
MIG: 01:58:07 : isPortInterface: 0
MIG: 01:58:07 : isPortInterface: 0
MIG: 01:58:07 : isPortInterface: 0
MIG: 01:58:07 : isPortInterface: 0
MIG: 01:58:07 : isPortInterface: 0
MIG: 01:58:07 : isPortInterface: 0
MIG: 01:58:07 : isPortInterface: 0
MIG: 01:58:07 : isPortInterface: 0
MIG: 01:58:07 : isPortInterface: 0
MIG: 01:58:07 : isPortInterface: 0
MIG: 01:58:07 : isPortInterface: 0
MIG: 01:58:07 : isPortInterface: 0
MIG: 01:58:07 : isPortInterface: 0
MIG: 01:58:07 : isPortInterface: 0
MIG: 01:58:07 : isPortInterface: 0
MIG: 01:58:07 : isPortInterface: 0
MIG: 01:58:07 : isPortInterface: 0
MIG: 01:58:07 : isPortInterface: 0
MIG: 01:58:07 : isPortInterface: 0
MIG: 01:58:07 : isPortInterface: 0
MIG: 01:58:07 : isPortInterface: 0
MIG: 01:58:07 : isPortInterface: 0
MIG: 01:58:07 : isPortInterface: 0
MIG: 01:58:07 : isPortInterface: 0
MIG: 01:58:07 : isPortInterface: 0
MIG: 01:58:07 : isPortInterface: 0
MIG: 01:58:07 : isPortInterface: 0
MIG: 01:58:07 : isPortInterface: 0
MIG: 01:58:07 : isPortInterface: 0
MIG: 01:58:07 : isPortInterface: 0
MIG: 01:58:07 : isPortInterface: 0
MIG: 01:58:07 : isPortInterface: 0
MIG: 01:58:07 : isPortInterface: 0
MIG: 01:58:07 : isPortInterface: 0
MIG: 01:58:07 : isPortInterface: 0
MIG: 01:58:07 : isPortInterface: 0
MIG: 01:58:07 : isPortInterface: 0
MIG: 01:58:07 : isPortInterface: 0
MIG: 01:58:07 : isPortInterface: 0
MIG: 01:58:07 : isPortInterface: 0
MIG: 01:58:07 : isPortInterface: 0
MIG: 01:58:07 : isPortInterface: 0
MIG: 01:58:07 : isPortInterface: 0
MIG: 01:58:07 : isPortInterface: 0
MIG: 01:58:07 : isPortInterface: 0
MIG: 01:58:07 : isPortInterface: 0
MIG: 01:58:07 : isPortInterface: 0
MIG: 01:58:07 : isPortInterface: 0
MIG: 01:58:07 : isPortInterface: 0
MIG: 01:58:07 : isPortInterface: 0
MIG: 01:58:07 : isPortInterface: 0
MIG: 01:58:07 : isPortInterface: 0
MIG: 01:58:07 : isPortInterface: 0
MIG: 01:58:07 : isPortInterface: 0
MIG: 01:58:07 : isPortInterface: 0
MIG: 01:58:07 : isPortInterface: 0
MIG: 01:58:07 : isPortInterface: 0
MIG: 01:58:07 : isPortInterface: 0
MIG: 01:58:07 : isPortInterface: 0
MIG: 01:58:07 : isPortInterface: 0
MIG: 01:58:07 : isPortInterface: 0
MIG: 01:58:07 : isPortInterface: 0
MIG: 01:58:07 : isPortInterface: 0
MIG: 01:58:07 : isPortInterface: 0
MIG: 01:58:07 : isPortInterface: 0
MIG: 01:58:07 : isPortInterface: 0
MIG: 01:58:07 : isPortInterface: 0
MIG: 01:58:07 : isPortInterface: 0
MIG: 01:58:07 : isPortInterface: 0
MIG: 01:58:07 : isPortInterface: 0
MIG: 01:58:07 : isPortInterface: 0
MIG: 01:58:07 : isPortInterface: 0
MIG: 01:58:07 : isPortInterface: 0
MIG: 01:58:07 : isPortInterface: 0
MIG: 01:58:07 : isPortInterface: 0
MIG: 01:58:07 : isPortInterface: 0
MIG: 01:58:07 : isPortInterface: 0
MIG: 01:58:07 : isPortInterface: 0
MIG: 01:58:07 : isPortInterface: 0
MIG: 01:58:07 : isPortInterface: 0
MIG: 01:58:07 : isPortInterface: 1
MIG: 01:58:07 : isPortInterface: 0
MIG: 01:58:07 : isPortInterface: 0
MIG: 01:58:07 : isPortInterface: 0
MIG: 01:58:07 : isPortInterface: 0
MIG: 01:58:07 : isPortInterface: 0
MIG: 01:58:07 : isPortInterface: 0
MIG: 01:58:07 : isPortInterface: 0
MIG: 01:58:07 : isPortInterface: 0
MIG: 01:58:07 : isPortInterface: 0
MIG: 01:58:07 : isPortInterface: 0
MIG: 01:58:07 :  locked false  
MIG: 01:58:07 : HDL Language: Verilog
MIG: 01:58:07 : compInfo: false
MIG: 01:58:07 : Vivado Options xc7a100t csg324 -1
MIG: 01:58:07 : 1: xc7a100t 2: csg324 3: -1
MIG: 01:58:07 : relative mig path: coregen/ip/xilinx/other/com/xilinx/ip/mig_7series_v4_0/bin/nt64/mig.exe
MIG: 01:58:07 : xilinx_path: D:/Xilinx/Vivado/2016.2/ids_lite/ISE
MIG: 01:58:07 : I am in catch area
MIG: 01:58:07 : Running D:/Xilinx/Vivado/2016.2/ids_lite/ISE/coregen/ip/xilinx/other/com/xilinx/ip/mig_7series_v4_0/bin/nt64/mig.exe -cg_exc_inp d:/ECE532/Sentry_Gun_V0.1/Sentry_Gun_V0.1.srcs/sources_1/bd/SG_V0/ip/SG_V0_mig_7series_0_0/xil_txt.in -cg_exc_out d:/ECE532/Sentry_Gun_V0.1/Sentry_Gun_V0.1.srcs/sources_1/bd/SG_V0/ip/SG_V0_mig_7series_0_0/xil_txt.out ... 
MIG: 01:58:16 : XML_INPUT_FILE: d:/ECE532/Sentry_Gun_V0.1/Sentry_Gun_V0.1.srcs/sources_1/bd/SG_V0/ip/SG_V0_mig_7series_0_0/board.prj
MIG: 01:58:16 : Component_Name: SG_V0_mig_7series_0_0
MIG: 01:58:16 : Moving SG_V0_mig_7series_0_0 ...
MIG: 01:58:16 : Moving SG_V0_mig_7series_0_0.veo ...
MIG: 01:58:16 : Moving SG_V0_mig_7series_0_0_xmdf.tcl ...
MIG: 01:58:16 : Running vlog_synth_rpr.xit
MIG: 01:58:16 : IGN:     <ModuleName>design_1_mig_7series_0_2</ModuleName> <==>     <ModuleName>SG_V0_mig_7series_0_0</ModuleName> 
MIG: 01:58:16 : ERR:     <Version>2.2</Version> <==>     <Version>4.0</Version> 
MIG: 01:58:16 : ################# RUNNING MIG BATCH ###################
MIG: 01:58:16 : Writing IN file for 'SG_V0_mig_7series_0_0'...compDirPath: d:/Xilinx/Vivado/2016.2/data/ip/xilinx/mig_7series_v4_0... instDirPath: d:/ECE532/Sentry_Gun_V0.1/Sentry_Gun_V0.1.srcs/sources_1/bd/SG_V0/ip/SG_V0_mig_7series_0_0
MIG: 01:58:16 : synp_flow:  -- synthesis_mode: Other
MIG: 01:58:16 : outputDirectory: d:/ECE532/Sentry_Gun_V0.1/Sentry_Gun_V0.1.srcs/sources_1/bd/SG_V0/ip/SG_V0_mig_7series_0_0/_tmp/
MIG: 01:58:16 : vivado_mode: xpg_bd
MIG: 01:58:16 : isPortInterface: 0
MIG: 01:58:16 : isPortInterface: 0
MIG: 01:58:16 : isPortInterface: 0
MIG: 01:58:16 : isPortInterface: 0
MIG: 01:58:16 : isPortInterface: 0
MIG: 01:58:16 : isPortInterface: 0
MIG: 01:58:16 : isPortInterface: 0
MIG: 01:58:16 : isPortInterface: 0
MIG: 01:58:16 : isPortInterface: 0
MIG: 01:58:16 : isPortInterface: 0
MIG: 01:58:16 : isPortInterface: 0
MIG: 01:58:16 : isPortInterface: 0
MIG: 01:58:16 : isPortInterface: 0
MIG: 01:58:16 : isPortInterface: 0
MIG: 01:58:16 : isPortInterface: 0
MIG: 01:58:16 : isPortInterface: 0
MIG: 01:58:16 : isPortInterface: 0
MIG: 01:58:16 : isPortInterface: 0
MIG: 01:58:16 : isPortInterface: 0
MIG: 01:58:16 : isPortInterface: 0
MIG: 01:58:16 : isPortInterface: 0
MIG: 01:58:16 : isPortInterface: 0
MIG: 01:58:16 : isPortInterface: 0
MIG: 01:58:16 : isPortInterface: 0
MIG: 01:58:16 : isPortInterface: 0
MIG: 01:58:16 : isPortInterface: 0
MIG: 01:58:16 : isPortInterface: 0
MIG: 01:58:16 : isPortInterface: 0
MIG: 01:58:16 : isPortInterface: 0
MIG: 01:58:16 : isPortInterface: 0
MIG: 01:58:16 : isPortInterface: 0
MIG: 01:58:16 : isPortInterface: 0
MIG: 01:58:16 : isPortInterface: 0
MIG: 01:58:16 : isPortInterface: 0
MIG: 01:58:16 : isPortInterface: 0
MIG: 01:58:16 : isPortInterface: 0
MIG: 01:58:16 : isPortInterface: 0
MIG: 01:58:16 : isPortInterface: 0
MIG: 01:58:16 : isPortInterface: 0
MIG: 01:58:16 : isPortInterface: 0
MIG: 01:58:16 : isPortInterface: 0
MIG: 01:58:16 : isPortInterface: 0
MIG: 01:58:16 : isPortInterface: 0
MIG: 01:58:16 : isPortInterface: 0
MIG: 01:58:16 : isPortInterface: 0
MIG: 01:58:16 : isPortInterface: 0
MIG: 01:58:16 : isPortInterface: 0
MIG: 01:58:16 : isPortInterface: 0
MIG: 01:58:16 : isPortInterface: 0
MIG: 01:58:16 : isPortInterface: 0
MIG: 01:58:16 : isPortInterface: 0
MIG: 01:58:16 : isPortInterface: 0
MIG: 01:58:16 : isPortInterface: 0
MIG: 01:58:16 : isPortInterface: 0
MIG: 01:58:16 : isPortInterface: 0
MIG: 01:58:16 : isPortInterface: 0
MIG: 01:58:16 : isPortInterface: 0
MIG: 01:58:16 : isPortInterface: 0
MIG: 01:58:16 : isPortInterface: 0
MIG: 01:58:16 : isPortInterface: 0
MIG: 01:58:16 : isPortInterface: 0
MIG: 01:58:16 : isPortInterface: 0
MIG: 01:58:16 : isPortInterface: 0
MIG: 01:58:16 : isPortInterface: 0
MIG: 01:58:16 : isPortInterface: 0
MIG: 01:58:16 : isPortInterface: 0
MIG: 01:58:16 : isPortInterface: 0
MIG: 01:58:16 : isPortInterface: 0
MIG: 01:58:16 : isPortInterface: 0
MIG: 01:58:16 : isPortInterface: 0
MIG: 01:58:16 : isPortInterface: 0
MIG: 01:58:16 : isPortInterface: 0
MIG: 01:58:16 : isPortInterface: 0
MIG: 01:58:16 : isPortInterface: 0
MIG: 01:58:16 : isPortInterface: 0
MIG: 01:58:16 : isPortInterface: 0
MIG: 01:58:16 : isPortInterface: 0
MIG: 01:58:16 : isPortInterface: 0
MIG: 01:58:16 : isPortInterface: 0
MIG: 01:58:16 : isPortInterface: 0
MIG: 01:58:16 : isPortInterface: 0
MIG: 01:58:16 : isPortInterface: 0
MIG: 01:58:16 : isPortInterface: 0
MIG: 01:58:16 : isPortInterface: 0
MIG: 01:58:16 : isPortInterface: 0
MIG: 01:58:16 : isPortInterface: 0
MIG: 01:58:16 : isPortInterface: 0
MIG: 01:58:16 : isPortInterface: 0
MIG: 01:58:16 : isPortInterface: 0
MIG: 01:58:16 : isPortInterface: 0
MIG: 01:58:16 : isPortInterface: 0
MIG: 01:58:16 : isPortInterface: 0
MIG: 01:58:16 : isPortInterface: 0
MIG: 01:58:16 : isPortInterface: 0
MIG: 01:58:16 : isPortInterface: 0
MIG: 01:58:16 : isPortInterface: 0
MIG: 01:58:16 : isPortInterface: 0
MIG: 01:58:16 : isPortInterface: 0
MIG: 01:58:16 : isPortInterface: 0
MIG: 01:58:16 : isPortInterface: 0
MIG: 01:58:16 : isPortInterface: 0
MIG: 01:58:16 : isPortInterface: 0
MIG: 01:58:16 : isPortInterface: 0
MIG: 01:58:16 : isPortInterface: 0
MIG: 01:58:16 : isPortInterface: 0
MIG: 01:58:16 : isPortInterface: 0
MIG: 01:58:16 : isPortInterface: 0
MIG: 01:58:16 : isPortInterface: 0
MIG: 01:58:16 : isPortInterface: 0
MIG: 01:58:16 : isPortInterface: 0
MIG: 01:58:16 : isPortInterface: 0
MIG: 01:58:16 : isPortInterface: 0
MIG: 01:58:16 : isPortInterface: 0
MIG: 01:58:16 : isPortInterface: 0
MIG: 01:58:16 : isPortInterface: 0
MIG: 01:58:16 : isPortInterface: 0
MIG: 01:58:16 : isPortInterface: 1
MIG: 01:58:16 : isPortInterface: 0
MIG: 01:58:16 : isPortInterface: 0
MIG: 01:58:16 : isPortInterface: 0
MIG: 01:58:16 : isPortInterface: 0
MIG: 01:58:16 : isPortInterface: 0
MIG: 01:58:16 : isPortInterface: 0
MIG: 01:58:16 : isPortInterface: 0
MIG: 01:58:16 : isPortInterface: 0
MIG: 01:58:16 : isPortInterface: 0
MIG: 01:58:16 : isPortInterface: 0
MIG: 01:58:16 :  locked false  
MIG: 01:58:16 : HDL Language: Verilog
MIG: 01:58:16 : compInfo: false
MIG: 01:58:16 : Vivado Options xc7a100t csg324 -1
MIG: 01:58:16 : 1: xc7a100t 2: csg324 3: -1
MIG: 01:58:16 : relative mig path: coregen/ip/xilinx/other/com/xilinx/ip/mig_7series_v4_0/bin/nt64/mig.exe
MIG: 01:58:16 : xilinx_path: D:/Xilinx/Vivado/2016.2/ids_lite/ISE
MIG: 01:58:16 : I am in catch area
MIG: 01:58:16 : Running D:/Xilinx/Vivado/2016.2/ids_lite/ISE/coregen/ip/xilinx/other/com/xilinx/ip/mig_7series_v4_0/bin/nt64/mig.exe -cg_exc_inp d:/ECE532/Sentry_Gun_V0.1/Sentry_Gun_V0.1.srcs/sources_1/bd/SG_V0/ip/SG_V0_mig_7series_0_0/xil_txt.in -cg_exc_out d:/ECE532/Sentry_Gun_V0.1/Sentry_Gun_V0.1.srcs/sources_1/bd/SG_V0/ip/SG_V0_mig_7series_0_0/xil_txt.out ... 
MIG: 01:58:25 : XML_INPUT_FILE: d:/ECE532/Sentry_Gun_V0.1/Sentry_Gun_V0.1.srcs/sources_1/bd/SG_V0/ip/SG_V0_mig_7series_0_0/board.prj
MIG: 01:58:25 : Component_Name: SG_V0_mig_7series_0_0
MIG: 01:58:25 : Moving SG_V0_mig_7series_0_0 ...
MIG: 01:58:25 : Moving SG_V0_mig_7series_0_0.veo ...
MIG: 01:58:25 : Moving SG_V0_mig_7series_0_0_xmdf.tcl ...
MIG: 01:58:25 : Running simulation.xit
MIG: 01:58:25 : IGN:     <ModuleName>design_1_mig_7series_0_2</ModuleName> <==>     <ModuleName>SG_V0_mig_7series_0_0</ModuleName> 
MIG: 01:58:25 : ERR:     <Version>2.2</Version> <==>     <Version>4.0</Version> 
MIG: 01:58:25 : ################# RUNNING MIG BATCH ###################
MIG: 01:58:25 : Writing IN file for 'SG_V0_mig_7series_0_0'...compDirPath: d:/Xilinx/Vivado/2016.2/data/ip/xilinx/mig_7series_v4_0... instDirPath: d:/ECE532/Sentry_Gun_V0.1/Sentry_Gun_V0.1.srcs/sources_1/bd/SG_V0/ip/SG_V0_mig_7series_0_0
MIG: 01:58:25 : synp_flow:  -- synthesis_mode: Other
MIG: 01:58:25 : outputDirectory: d:/ECE532/Sentry_Gun_V0.1/Sentry_Gun_V0.1.srcs/sources_1/bd/SG_V0/ip/SG_V0_mig_7series_0_0/_tmp/
MIG: 01:58:25 : vivado_mode: xpg_bd
MIG: 01:58:25 : isPortInterface: 0
MIG: 01:58:25 : isPortInterface: 0
MIG: 01:58:25 : isPortInterface: 0
MIG: 01:58:25 : isPortInterface: 0
MIG: 01:58:25 : isPortInterface: 0
MIG: 01:58:25 : isPortInterface: 0
MIG: 01:58:25 : isPortInterface: 0
MIG: 01:58:25 : isPortInterface: 0
MIG: 01:58:25 : isPortInterface: 0
MIG: 01:58:25 : isPortInterface: 0
MIG: 01:58:25 : isPortInterface: 0
MIG: 01:58:25 : isPortInterface: 0
MIG: 01:58:25 : isPortInterface: 0
MIG: 01:58:25 : isPortInterface: 0
MIG: 01:58:25 : isPortInterface: 0
MIG: 01:58:25 : isPortInterface: 0
MIG: 01:58:25 : isPortInterface: 0
MIG: 01:58:25 : isPortInterface: 0
MIG: 01:58:25 : isPortInterface: 0
MIG: 01:58:25 : isPortInterface: 0
MIG: 01:58:25 : isPortInterface: 0
MIG: 01:58:25 : isPortInterface: 0
MIG: 01:58:25 : isPortInterface: 0
MIG: 01:58:25 : isPortInterface: 0
MIG: 01:58:25 : isPortInterface: 0
MIG: 01:58:25 : isPortInterface: 0
MIG: 01:58:25 : isPortInterface: 0
MIG: 01:58:25 : isPortInterface: 0
MIG: 01:58:25 : isPortInterface: 0
MIG: 01:58:25 : isPortInterface: 0
MIG: 01:58:25 : isPortInterface: 0
MIG: 01:58:25 : isPortInterface: 0
MIG: 01:58:25 : isPortInterface: 0
MIG: 01:58:25 : isPortInterface: 0
MIG: 01:58:25 : isPortInterface: 0
MIG: 01:58:25 : isPortInterface: 0
MIG: 01:58:25 : isPortInterface: 0
MIG: 01:58:25 : isPortInterface: 0
MIG: 01:58:25 : isPortInterface: 0
MIG: 01:58:25 : isPortInterface: 0
MIG: 01:58:25 : isPortInterface: 0
MIG: 01:58:25 : isPortInterface: 0
MIG: 01:58:25 : isPortInterface: 0
MIG: 01:58:25 : isPortInterface: 0
MIG: 01:58:25 : isPortInterface: 0
MIG: 01:58:25 : isPortInterface: 0
MIG: 01:58:25 : isPortInterface: 0
MIG: 01:58:25 : isPortInterface: 0
MIG: 01:58:25 : isPortInterface: 0
MIG: 01:58:25 : isPortInterface: 0
MIG: 01:58:25 : isPortInterface: 0
MIG: 01:58:25 : isPortInterface: 0
MIG: 01:58:25 : isPortInterface: 0
MIG: 01:58:25 : isPortInterface: 0
MIG: 01:58:25 : isPortInterface: 0
MIG: 01:58:25 : isPortInterface: 0
MIG: 01:58:25 : isPortInterface: 0
MIG: 01:58:25 : isPortInterface: 0
MIG: 01:58:25 : isPortInterface: 0
MIG: 01:58:25 : isPortInterface: 0
MIG: 01:58:25 : isPortInterface: 0
MIG: 01:58:25 : isPortInterface: 0
MIG: 01:58:25 : isPortInterface: 0
MIG: 01:58:25 : isPortInterface: 0
MIG: 01:58:25 : isPortInterface: 0
MIG: 01:58:25 : isPortInterface: 0
MIG: 01:58:25 : isPortInterface: 0
MIG: 01:58:25 : isPortInterface: 0
MIG: 01:58:25 : isPortInterface: 0
MIG: 01:58:25 : isPortInterface: 0
MIG: 01:58:25 : isPortInterface: 0
MIG: 01:58:25 : isPortInterface: 0
MIG: 01:58:25 : isPortInterface: 0
MIG: 01:58:25 : isPortInterface: 0
MIG: 01:58:25 : isPortInterface: 0
MIG: 01:58:25 : isPortInterface: 0
MIG: 01:58:25 : isPortInterface: 0
MIG: 01:58:25 : isPortInterface: 0
MIG: 01:58:25 : isPortInterface: 0
MIG: 01:58:25 : isPortInterface: 0
MIG: 01:58:25 : isPortInterface: 0
MIG: 01:58:25 : isPortInterface: 0
MIG: 01:58:25 : isPortInterface: 0
MIG: 01:58:25 : isPortInterface: 0
MIG: 01:58:25 : isPortInterface: 0
MIG: 01:58:25 : isPortInterface: 0
MIG: 01:58:25 : isPortInterface: 0
MIG: 01:58:25 : isPortInterface: 0
MIG: 01:58:25 : isPortInterface: 0
MIG: 01:58:25 : isPortInterface: 0
MIG: 01:58:25 : isPortInterface: 0
MIG: 01:58:25 : isPortInterface: 0
MIG: 01:58:25 : isPortInterface: 0
MIG: 01:58:25 : isPortInterface: 0
MIG: 01:58:25 : isPortInterface: 0
MIG: 01:58:25 : isPortInterface: 0
MIG: 01:58:25 : isPortInterface: 0
MIG: 01:58:25 : isPortInterface: 0
MIG: 01:58:25 : isPortInterface: 0
MIG: 01:58:25 : isPortInterface: 0
MIG: 01:58:25 : isPortInterface: 0
MIG: 01:58:25 : isPortInterface: 0
MIG: 01:58:25 : isPortInterface: 0
MIG: 01:58:25 : isPortInterface: 0
MIG: 01:58:25 : isPortInterface: 0
MIG: 01:58:25 : isPortInterface: 0
MIG: 01:58:25 : isPortInterface: 0
MIG: 01:58:25 : isPortInterface: 0
MIG: 01:58:25 : isPortInterface: 0
MIG: 01:58:25 : isPortInterface: 0
MIG: 01:58:25 : isPortInterface: 0
MIG: 01:58:25 : isPortInterface: 0
MIG: 01:58:25 : isPortInterface: 0
MIG: 01:58:25 : isPortInterface: 0
MIG: 01:58:25 : isPortInterface: 0
MIG: 01:58:25 : isPortInterface: 0
MIG: 01:58:25 : isPortInterface: 1
MIG: 01:58:25 : isPortInterface: 0
MIG: 01:58:25 : isPortInterface: 0
MIG: 01:58:25 : isPortInterface: 0
MIG: 01:58:25 : isPortInterface: 0
MIG: 01:58:25 : isPortInterface: 0
MIG: 01:58:25 : isPortInterface: 0
MIG: 01:58:25 : isPortInterface: 0
MIG: 01:58:25 : isPortInterface: 0
MIG: 01:58:25 : isPortInterface: 0
MIG: 01:58:25 : isPortInterface: 0
MIG: 01:58:25 :  locked false  
MIG: 01:58:25 : HDL Language: Verilog
MIG: 01:58:25 : compInfo: false
MIG: 01:58:25 : Vivado Options xc7a100t csg324 -1
MIG: 01:58:25 : 1: xc7a100t 2: csg324 3: -1
MIG: 01:58:25 : relative mig path: coregen/ip/xilinx/other/com/xilinx/ip/mig_7series_v4_0/bin/nt64/mig.exe
MIG: 01:58:25 : xilinx_path: D:/Xilinx/Vivado/2016.2/ids_lite/ISE
MIG: 01:58:25 : I am in catch area
MIG: 01:58:25 : Running D:/Xilinx/Vivado/2016.2/ids_lite/ISE/coregen/ip/xilinx/other/com/xilinx/ip/mig_7series_v4_0/bin/nt64/mig.exe -cg_exc_inp d:/ECE532/Sentry_Gun_V0.1/Sentry_Gun_V0.1.srcs/sources_1/bd/SG_V0/ip/SG_V0_mig_7series_0_0/xil_txt.in -cg_exc_out d:/ECE532/Sentry_Gun_V0.1/Sentry_Gun_V0.1.srcs/sources_1/bd/SG_V0/ip/SG_V0_mig_7series_0_0/xil_txt.out ... 
MIG: 01:58:33 : XML_INPUT_FILE: d:/ECE532/Sentry_Gun_V0.1/Sentry_Gun_V0.1.srcs/sources_1/bd/SG_V0/ip/SG_V0_mig_7series_0_0/board.prj
MIG: 01:58:33 : Component_Name: SG_V0_mig_7series_0_0
MIG: 01:58:33 : Moving SG_V0_mig_7series_0_0 ...
MIG: 01:58:33 : Moving SG_V0_mig_7series_0_0.veo ...
MIG: 01:58:33 : Moving SG_V0_mig_7series_0_0_xmdf.tcl ...
MIG: 01:58:34 : Running vlog_sim_rpr.xit .. PRASAD DBG1
MIG: 01:58:34 : IGN:     <ModuleName>design_1_mig_7series_0_2</ModuleName> <==>     <ModuleName>SG_V0_mig_7series_0_0</ModuleName> 
MIG: 01:58:34 : ERR:     <Version>2.2</Version> <==>     <Version>4.0</Version> 
MIG: 01:58:34 : ################# RUNNING MIG BATCH ###################
MIG: 01:58:34 : Writing IN file for 'SG_V0_mig_7series_0_0'...compDirPath: d:/Xilinx/Vivado/2016.2/data/ip/xilinx/mig_7series_v4_0... instDirPath: d:/ECE532/Sentry_Gun_V0.1/Sentry_Gun_V0.1.srcs/sources_1/bd/SG_V0/ip/SG_V0_mig_7series_0_0
MIG: 01:58:34 : synp_flow:  -- synthesis_mode: Other
MIG: 01:58:34 : outputDirectory: d:/ECE532/Sentry_Gun_V0.1/Sentry_Gun_V0.1.srcs/sources_1/bd/SG_V0/ip/SG_V0_mig_7series_0_0/_tmp/
MIG: 01:58:34 : vivado_mode: xpg_bd
MIG: 01:58:34 : isPortInterface: 0
MIG: 01:58:34 : isPortInterface: 0
MIG: 01:58:34 : isPortInterface: 0
MIG: 01:58:34 : isPortInterface: 0
MIG: 01:58:34 : isPortInterface: 0
MIG: 01:58:34 : isPortInterface: 0
MIG: 01:58:34 : isPortInterface: 0
MIG: 01:58:34 : isPortInterface: 0
MIG: 01:58:34 : isPortInterface: 0
MIG: 01:58:34 : isPortInterface: 0
MIG: 01:58:34 : isPortInterface: 0
MIG: 01:58:34 : isPortInterface: 0
MIG: 01:58:34 : isPortInterface: 0
MIG: 01:58:34 : isPortInterface: 0
MIG: 01:58:34 : isPortInterface: 0
MIG: 01:58:34 : isPortInterface: 0
MIG: 01:58:34 : isPortInterface: 0
MIG: 01:58:34 : isPortInterface: 0
MIG: 01:58:34 : isPortInterface: 0
MIG: 01:58:34 : isPortInterface: 0
MIG: 01:58:34 : isPortInterface: 0
MIG: 01:58:34 : isPortInterface: 0
MIG: 01:58:34 : isPortInterface: 0
MIG: 01:58:34 : isPortInterface: 0
MIG: 01:58:34 : isPortInterface: 0
MIG: 01:58:34 : isPortInterface: 0
MIG: 01:58:34 : isPortInterface: 0
MIG: 01:58:34 : isPortInterface: 0
MIG: 01:58:34 : isPortInterface: 0
MIG: 01:58:34 : isPortInterface: 0
MIG: 01:58:34 : isPortInterface: 0
MIG: 01:58:34 : isPortInterface: 0
MIG: 01:58:34 : isPortInterface: 0
MIG: 01:58:34 : isPortInterface: 0
MIG: 01:58:34 : isPortInterface: 0
MIG: 01:58:34 : isPortInterface: 0
MIG: 01:58:34 : isPortInterface: 0
MIG: 01:58:34 : isPortInterface: 0
MIG: 01:58:34 : isPortInterface: 0
MIG: 01:58:34 : isPortInterface: 0
MIG: 01:58:34 : isPortInterface: 0
MIG: 01:58:34 : isPortInterface: 0
MIG: 01:58:34 : isPortInterface: 0
MIG: 01:58:34 : isPortInterface: 0
MIG: 01:58:34 : isPortInterface: 0
MIG: 01:58:34 : isPortInterface: 0
MIG: 01:58:34 : isPortInterface: 0
MIG: 01:58:34 : isPortInterface: 0
MIG: 01:58:34 : isPortInterface: 0
MIG: 01:58:34 : isPortInterface: 0
MIG: 01:58:34 : isPortInterface: 0
MIG: 01:58:34 : isPortInterface: 0
MIG: 01:58:34 : isPortInterface: 0
MIG: 01:58:34 : isPortInterface: 0
MIG: 01:58:34 : isPortInterface: 0
MIG: 01:58:34 : isPortInterface: 0
MIG: 01:58:34 : isPortInterface: 0
MIG: 01:58:34 : isPortInterface: 0
MIG: 01:58:34 : isPortInterface: 0
MIG: 01:58:34 : isPortInterface: 0
MIG: 01:58:34 : isPortInterface: 0
MIG: 01:58:34 : isPortInterface: 0
MIG: 01:58:34 : isPortInterface: 0
MIG: 01:58:34 : isPortInterface: 0
MIG: 01:58:34 : isPortInterface: 0
MIG: 01:58:34 : isPortInterface: 0
MIG: 01:58:34 : isPortInterface: 0
MIG: 01:58:34 : isPortInterface: 0
MIG: 01:58:34 : isPortInterface: 0
MIG: 01:58:34 : isPortInterface: 0
MIG: 01:58:34 : isPortInterface: 0
MIG: 01:58:34 : isPortInterface: 0
MIG: 01:58:34 : isPortInterface: 0
MIG: 01:58:34 : isPortInterface: 0
MIG: 01:58:34 : isPortInterface: 0
MIG: 01:58:34 : isPortInterface: 0
MIG: 01:58:34 : isPortInterface: 0
MIG: 01:58:34 : isPortInterface: 0
MIG: 01:58:34 : isPortInterface: 0
MIG: 01:58:34 : isPortInterface: 0
MIG: 01:58:34 : isPortInterface: 0
MIG: 01:58:34 : isPortInterface: 0
MIG: 01:58:34 : isPortInterface: 0
MIG: 01:58:34 : isPortInterface: 0
MIG: 01:58:34 : isPortInterface: 0
MIG: 01:58:34 : isPortInterface: 0
MIG: 01:58:34 : isPortInterface: 0
MIG: 01:58:34 : isPortInterface: 0
MIG: 01:58:34 : isPortInterface: 0
MIG: 01:58:34 : isPortInterface: 0
MIG: 01:58:34 : isPortInterface: 0
MIG: 01:58:34 : isPortInterface: 0
MIG: 01:58:34 : isPortInterface: 0
MIG: 01:58:34 : isPortInterface: 0
MIG: 01:58:34 : isPortInterface: 0
MIG: 01:58:34 : isPortInterface: 0
MIG: 01:58:34 : isPortInterface: 0
MIG: 01:58:34 : isPortInterface: 0
MIG: 01:58:34 : isPortInterface: 0
MIG: 01:58:34 : isPortInterface: 0
MIG: 01:58:34 : isPortInterface: 0
MIG: 01:58:34 : isPortInterface: 0
MIG: 01:58:34 : isPortInterface: 0
MIG: 01:58:34 : isPortInterface: 0
MIG: 01:58:34 : isPortInterface: 0
MIG: 01:58:34 : isPortInterface: 0
MIG: 01:58:34 : isPortInterface: 0
MIG: 01:58:34 : isPortInterface: 0
MIG: 01:58:34 : isPortInterface: 0
MIG: 01:58:34 : isPortInterface: 0
MIG: 01:58:34 : isPortInterface: 0
MIG: 01:58:34 : isPortInterface: 0
MIG: 01:58:34 : isPortInterface: 0
MIG: 01:58:34 : isPortInterface: 0
MIG: 01:58:34 : isPortInterface: 0
MIG: 01:58:34 : isPortInterface: 0
MIG: 01:58:34 : isPortInterface: 1
MIG: 01:58:34 : isPortInterface: 0
MIG: 01:58:34 : isPortInterface: 0
MIG: 01:58:34 : isPortInterface: 0
MIG: 01:58:34 : isPortInterface: 0
MIG: 01:58:34 : isPortInterface: 0
MIG: 01:58:34 : isPortInterface: 0
MIG: 01:58:34 : isPortInterface: 0
MIG: 01:58:34 : isPortInterface: 0
MIG: 01:58:34 : isPortInterface: 0
MIG: 01:58:34 : isPortInterface: 0
MIG: 01:58:34 :  locked false  
MIG: 01:58:34 : HDL Language: Verilog
MIG: 01:58:34 : compInfo: false
MIG: 01:58:34 : Vivado Options xc7a100t csg324 -1
MIG: 01:58:34 : 1: xc7a100t 2: csg324 3: -1
MIG: 01:58:34 : relative mig path: coregen/ip/xilinx/other/com/xilinx/ip/mig_7series_v4_0/bin/nt64/mig.exe
MIG: 01:58:34 : xilinx_path: D:/Xilinx/Vivado/2016.2/ids_lite/ISE
MIG: 01:58:34 : I am in catch area
MIG: 01:58:34 : Running D:/Xilinx/Vivado/2016.2/ids_lite/ISE/coregen/ip/xilinx/other/com/xilinx/ip/mig_7series_v4_0/bin/nt64/mig.exe -cg_exc_inp d:/ECE532/Sentry_Gun_V0.1/Sentry_Gun_V0.1.srcs/sources_1/bd/SG_V0/ip/SG_V0_mig_7series_0_0/xil_txt.in -cg_exc_out d:/ECE532/Sentry_Gun_V0.1/Sentry_Gun_V0.1.srcs/sources_1/bd/SG_V0/ip/SG_V0_mig_7series_0_0/xil_txt.out ... 
MIG: 01:58:42 : XML_INPUT_FILE: d:/ECE532/Sentry_Gun_V0.1/Sentry_Gun_V0.1.srcs/sources_1/bd/SG_V0/ip/SG_V0_mig_7series_0_0/board.prj
MIG: 01:58:42 : Component_Name: SG_V0_mig_7series_0_0
MIG: 01:58:42 : Moving SG_V0_mig_7series_0_0 ...
MIG: 01:58:42 : Moving SG_V0_mig_7series_0_0.veo ...
MIG: 01:58:42 : Moving SG_V0_mig_7series_0_0_xmdf.tcl ...
MIG: 01:58:43 : Running implementation.xit
MIG: 01:58:43 : IGN:     <ModuleName>design_1_mig_7series_0_2</ModuleName> <==>     <ModuleName>SG_V0_mig_7series_0_0</ModuleName> 
MIG: 01:58:43 : ERR:     <Version>2.2</Version> <==>     <Version>4.0</Version> 
MIG: 01:58:43 : ################# RUNNING MIG BATCH ###################
MIG: 01:58:43 : Writing IN file for 'SG_V0_mig_7series_0_0'...compDirPath: d:/Xilinx/Vivado/2016.2/data/ip/xilinx/mig_7series_v4_0... instDirPath: d:/ECE532/Sentry_Gun_V0.1/Sentry_Gun_V0.1.srcs/sources_1/bd/SG_V0/ip/SG_V0_mig_7series_0_0
MIG: 01:58:43 : synp_flow:  -- synthesis_mode: Other
MIG: 01:58:43 : outputDirectory: d:/ECE532/Sentry_Gun_V0.1/Sentry_Gun_V0.1.srcs/sources_1/bd/SG_V0/ip/SG_V0_mig_7series_0_0/_tmp/
MIG: 01:58:43 : vivado_mode: xpg_bd
MIG: 01:58:43 : isPortInterface: 0
MIG: 01:58:43 : isPortInterface: 0
MIG: 01:58:43 : isPortInterface: 0
MIG: 01:58:43 : isPortInterface: 0
MIG: 01:58:43 : isPortInterface: 0
MIG: 01:58:43 : isPortInterface: 0
MIG: 01:58:43 : isPortInterface: 0
MIG: 01:58:43 : isPortInterface: 0
MIG: 01:58:43 : isPortInterface: 0
MIG: 01:58:43 : isPortInterface: 0
MIG: 01:58:43 : isPortInterface: 0
MIG: 01:58:43 : isPortInterface: 0
MIG: 01:58:43 : isPortInterface: 0
MIG: 01:58:43 : isPortInterface: 0
MIG: 01:58:43 : isPortInterface: 0
MIG: 01:58:43 : isPortInterface: 0
MIG: 01:58:43 : isPortInterface: 0
MIG: 01:58:43 : isPortInterface: 0
MIG: 01:58:43 : isPortInterface: 0
MIG: 01:58:43 : isPortInterface: 0
MIG: 01:58:43 : isPortInterface: 0
MIG: 01:58:43 : isPortInterface: 0
MIG: 01:58:43 : isPortInterface: 0
MIG: 01:58:43 : isPortInterface: 0
MIG: 01:58:43 : isPortInterface: 0
MIG: 01:58:43 : isPortInterface: 0
MIG: 01:58:43 : isPortInterface: 0
MIG: 01:58:43 : isPortInterface: 0
MIG: 01:58:43 : isPortInterface: 0
MIG: 01:58:43 : isPortInterface: 0
MIG: 01:58:43 : isPortInterface: 0
MIG: 01:58:43 : isPortInterface: 0
MIG: 01:58:43 : isPortInterface: 0
MIG: 01:58:43 : isPortInterface: 0
MIG: 01:58:43 : isPortInterface: 0
MIG: 01:58:43 : isPortInterface: 0
MIG: 01:58:43 : isPortInterface: 0
MIG: 01:58:43 : isPortInterface: 0
MIG: 01:58:43 : isPortInterface: 0
MIG: 01:58:43 : isPortInterface: 0
MIG: 01:58:43 : isPortInterface: 0
MIG: 01:58:43 : isPortInterface: 0
MIG: 01:58:43 : isPortInterface: 0
MIG: 01:58:43 : isPortInterface: 0
MIG: 01:58:43 : isPortInterface: 0
MIG: 01:58:43 : isPortInterface: 0
MIG: 01:58:43 : isPortInterface: 0
MIG: 01:58:43 : isPortInterface: 0
MIG: 01:58:43 : isPortInterface: 0
MIG: 01:58:43 : isPortInterface: 0
MIG: 01:58:43 : isPortInterface: 0
MIG: 01:58:43 : isPortInterface: 0
MIG: 01:58:43 : isPortInterface: 0
MIG: 01:58:43 : isPortInterface: 0
MIG: 01:58:43 : isPortInterface: 0
MIG: 01:58:43 : isPortInterface: 0
MIG: 01:58:43 : isPortInterface: 0
MIG: 01:58:43 : isPortInterface: 0
MIG: 01:58:43 : isPortInterface: 0
MIG: 01:58:43 : isPortInterface: 0
MIG: 01:58:43 : isPortInterface: 0
MIG: 01:58:43 : isPortInterface: 0
MIG: 01:58:43 : isPortInterface: 0
MIG: 01:58:43 : isPortInterface: 0
MIG: 01:58:43 : isPortInterface: 0
MIG: 01:58:43 : isPortInterface: 0
MIG: 01:58:43 : isPortInterface: 0
MIG: 01:58:43 : isPortInterface: 0
MIG: 01:58:43 : isPortInterface: 0
MIG: 01:58:43 : isPortInterface: 0
MIG: 01:58:43 : isPortInterface: 0
MIG: 01:58:43 : isPortInterface: 0
MIG: 01:58:43 : isPortInterface: 0
MIG: 01:58:43 : isPortInterface: 0
MIG: 01:58:43 : isPortInterface: 0
MIG: 01:58:43 : isPortInterface: 0
MIG: 01:58:43 : isPortInterface: 0
MIG: 01:58:43 : isPortInterface: 0
MIG: 01:58:43 : isPortInterface: 0
MIG: 01:58:43 : isPortInterface: 0
MIG: 01:58:43 : isPortInterface: 0
MIG: 01:58:43 : isPortInterface: 0
MIG: 01:58:43 : isPortInterface: 0
MIG: 01:58:43 : isPortInterface: 0
MIG: 01:58:43 : isPortInterface: 0
MIG: 01:58:43 : isPortInterface: 0
MIG: 01:58:43 : isPortInterface: 0
MIG: 01:58:43 : isPortInterface: 0
MIG: 01:58:43 : isPortInterface: 0
MIG: 01:58:43 : isPortInterface: 0
MIG: 01:58:43 : isPortInterface: 0
MIG: 01:58:43 : isPortInterface: 0
MIG: 01:58:43 : isPortInterface: 0
MIG: 01:58:43 : isPortInterface: 0
MIG: 01:58:43 : isPortInterface: 0
MIG: 01:58:43 : isPortInterface: 0
MIG: 01:58:43 : isPortInterface: 0
MIG: 01:58:43 : isPortInterface: 0
MIG: 01:58:43 : isPortInterface: 0
MIG: 01:58:43 : isPortInterface: 0
MIG: 01:58:43 : isPortInterface: 0
MIG: 01:58:43 : isPortInterface: 0
MIG: 01:58:43 : isPortInterface: 0
MIG: 01:58:43 : isPortInterface: 0
MIG: 01:58:43 : isPortInterface: 0
MIG: 01:58:43 : isPortInterface: 0
MIG: 01:58:43 : isPortInterface: 0
MIG: 01:58:43 : isPortInterface: 0
MIG: 01:58:43 : isPortInterface: 0
MIG: 01:58:43 : isPortInterface: 0
MIG: 01:58:43 : isPortInterface: 0
MIG: 01:58:43 : isPortInterface: 0
MIG: 01:58:43 : isPortInterface: 0
MIG: 01:58:43 : isPortInterface: 0
MIG: 01:58:43 : isPortInterface: 0
MIG: 01:58:43 : isPortInterface: 0
MIG: 01:58:43 : isPortInterface: 1
MIG: 01:58:43 : isPortInterface: 0
MIG: 01:58:43 : isPortInterface: 0
MIG: 01:58:43 : isPortInterface: 0
MIG: 01:58:43 : isPortInterface: 0
MIG: 01:58:43 : isPortInterface: 0
MIG: 01:58:43 : isPortInterface: 0
MIG: 01:58:43 : isPortInterface: 0
MIG: 01:58:43 : isPortInterface: 0
MIG: 01:58:43 : isPortInterface: 0
MIG: 01:58:43 : isPortInterface: 0
MIG: 01:58:43 :  locked false  
MIG: 01:58:43 : HDL Language: Verilog
MIG: 01:58:43 : compInfo: false
MIG: 01:58:43 : Vivado Options xc7a100t csg324 -1
MIG: 01:58:43 : 1: xc7a100t 2: csg324 3: -1
MIG: 01:58:43 : relative mig path: coregen/ip/xilinx/other/com/xilinx/ip/mig_7series_v4_0/bin/nt64/mig.exe
MIG: 01:58:43 : xilinx_path: D:/Xilinx/Vivado/2016.2/ids_lite/ISE
MIG: 01:58:43 : I am in catch area
MIG: 01:58:43 : Running D:/Xilinx/Vivado/2016.2/ids_lite/ISE/coregen/ip/xilinx/other/com/xilinx/ip/mig_7series_v4_0/bin/nt64/mig.exe -cg_exc_inp d:/ECE532/Sentry_Gun_V0.1/Sentry_Gun_V0.1.srcs/sources_1/bd/SG_V0/ip/SG_V0_mig_7series_0_0/xil_txt.in -cg_exc_out d:/ECE532/Sentry_Gun_V0.1/Sentry_Gun_V0.1.srcs/sources_1/bd/SG_V0/ip/SG_V0_mig_7series_0_0/xil_txt.out ... 
MIG: 01:58:51 : XML_INPUT_FILE: d:/ECE532/Sentry_Gun_V0.1/Sentry_Gun_V0.1.srcs/sources_1/bd/SG_V0/ip/SG_V0_mig_7series_0_0/board.prj
MIG: 01:58:51 : Component_Name: SG_V0_mig_7series_0_0
MIG: 01:58:51 : Moving SG_V0_mig_7series_0_0 ...
MIG: 01:58:51 : Moving SG_V0_mig_7series_0_0.veo ...
MIG: 01:58:51 : Moving SG_V0_mig_7series_0_0_xmdf.tcl ...
