Unable to capture context for thread 25744 in process 3996, can not generate back trace
Unable to capture context for thread 6148 in process 3996, can not generate back trace
Unable to capture context for thread 28736 in process 3996, can not generate back trace
Unable to capture context for thread 28720 in process 3996, can not generate back trace
Exception at PC 0x00007FFCDFCDBB93
Printing stacktrace...

Unable to capture context for thread 25744 in process 3996, can not generate back trace
Unable to capture context for thread 28736 in process 3996, can not generate back trace
Exception at PC 0x00007FFD44C57788
Exception at PC 0x00007FFD44C57788
Exception at PC 0x00007FFD44C57788
Exception at PC 0x00007FFD44C57788
Exception at PC 0x00007FFD44C57788
Exception at PC 0x00007FFD44C57788
Exception at PC 0x00007FFD44C57788
Exception at PC 0x00007FFD44C57788
Exception at PC 0x00007FFD44C57788
Exception at PC 0x00007FFD44C57788
Exception at PC 0x00007FFD44C57788
Exception at PC 0x00007FFD44C57788
Exception at PC 0x00007FFD44C57788
[0]  [0x00007FFCDFCDBB93]
[1]  [0x00007FFCDFCDBB93]
[2]  [0x00007FFCDFCDB4A1]
[3]  [0x00007FFCDFCDB3EF]
[4]  [0x00007FFCDFCC19FE]
[5]  [0x00007FFCDFCC0ED1]
[6]  [0x00007FFCDFCC0D76]
[7]  [0x00007FFCDFC679F6]
[8]  [0x00007FFCDFC57AFB]
[9]  [0x00007FFCDFD7E90A]
[10]  [0x00007FFCDFD99F87]
[11]  [0x00007FFCDFD9A05F]
[12] (BaseThreadInitThunk+0x14) [0x00007FFD458F8364]
[13] (RtlUserThreadStart+0x21) [0x00007FFD483C70D1]
Done
Exception at PC 0x00007FFD44C57788
Exception at PC 0x00007FFD44C57788
Exception at PC 0x00007FFD44C57788
Exception at PC 0x00007FFD44C57788
Exception at PC 0x00007FFD44C57788
