Copyright 1986-2016 Xilinx, Inc. All Rights Reserved.
------------------------------------------------------------------------------------
| Tool Version : Vivado v.2016.2 (win64) Build 1577090 Thu Jun  2 16:32:40 MDT 2016
| Date         : Fri Mar 31 00:06:48 2017
| Host         : Homura running 64-bit major release  (build 9200)
| Command      : upgrade_ip
| Device       : xc7a100tcsg324-1
------------------------------------------------------------------------------------

Upgrade Log for IP 'testie_imgarray_axi_0_0'

1. Summary
----------

SUCCESS in the upgrade of testie_imgarray_axi_0_0 (msg.com:user:imgarray_axi:2.0) from (Rev. 5) to (Rev. 6)






Copyright 1986-2016 Xilinx, Inc. All Rights Reserved.
------------------------------------------------------------------------------------
| Tool Version : Vivado v.2016.2 (win64) Build 1577090 Thu Jun  2 16:32:40 MDT 2016
| Date         : Thu Mar 30 13:59:36 2017
| Host         : Homura running 64-bit major release  (build 9200)
| Command      : upgrade_ip
| Device       : xc7a100tcsg324-1
------------------------------------------------------------------------------------

Upgrade Log for IP 'testie_imgarray_axi_0_0'

1. Summary
----------

SUCCESS in the upgrade of testie_imgarray_axi_0_0 (msg.com:user:imgarray_axi:2.0) from (Rev. 4) to (Rev. 5)






Copyright 1986-2016 Xilinx, Inc. All Rights Reserved.
------------------------------------------------------------------------------------
| Tool Version : Vivado v.2016.2 (win64) Build 1577090 Thu Jun  2 16:32:40 MDT 2016
| Date         : Sat Mar 25 01:10:19 2017
| Host         : Homura running 64-bit major release  (build 9200)
| Command      : upgrade_ip
| Device       : xc7a100tcsg324-1
------------------------------------------------------------------------------------

Upgrade Log for IP 'testie_imgarray_axi_0_0'

1. Summary
----------

SUCCESS in the upgrade of testie_imgarray_axi_0_0 (msg.com:user:imgarray_axi:2.0) from (Rev. 3) to (Rev. 4)






Copyright 1986-2016 Xilinx, Inc. All Rights Reserved.
------------------------------------------------------------------------------------
| Tool Version : Vivado v.2016.2 (win64) Build 1577090 Thu Jun  2 16:32:40 MDT 2016
| Date         : Fri Mar 24 20:49:46 2017
| Host         : Homura running 64-bit major release  (build 9200)
| Command      : upgrade_ip
| Device       : xc7a100tcsg324-1
------------------------------------------------------------------------------------

Upgrade Log for IP 'testie_imgarray_axi_0_0'

1. Summary
----------

SUCCESS in the upgrade of testie_imgarray_axi_0_0 (msg.com:user:imgarray_axi:2.0) from (Rev. 2) to (Rev. 3)






Copyright 1986-2016 Xilinx, Inc. All Rights Reserved.
------------------------------------------------------------------------------------
| Tool Version : Vivado v.2016.2 (win64) Build 1577090 Thu Jun  2 16:32:40 MDT 2016
| Date         : Fri Mar 24 18:25:55 2017
| Host         : Homura running 64-bit major release  (build 9200)
| Command      : upgrade_ip
| Device       : xc7a100tcsg324-1
------------------------------------------------------------------------------------

Upgrade Log for IP 'testie_imgarray_axi_0_0'

1. Summary
----------

SUCCESS in the upgrade of testie_imgarray_axi_0_0 (msg.com:user:imgarray_axi:2.0) from (Rev. 1) to (Rev. 2)






Copyright 1986-2016 Xilinx, Inc. All Rights Reserved.
------------------------------------------------------------------------------------
| Tool Version : Vivado v.2016.2 (win64) Build 1577090 Thu Jun  2 16:32:40 MDT 2016
| Date         : Fri Mar 24 16:50:40 2017
| Host         : Homura running 64-bit major release  (build 9200)
| Command      : upgrade_ip
| Device       : xc7a100tcsg324-1
------------------------------------------------------------------------------------

Upgrade Log for IP 'testie_imgarray_axi_0_0'

1. Summary
----------

SUCCESS in the upgrade of testie_imgarray_axi_0_0 from msg.com:user:imgarray_axi:1.0 (Rev. 4) to msg.com:user:imgarray_axi:2.0 (Rev. 1)






Copyright 1986-2016 Xilinx, Inc. All Rights Reserved.
------------------------------------------------------------------------------------
| Tool Version : Vivado v.2016.2 (win64) Build 1577090 Thu Jun  2 16:32:40 MDT 2016
| Date         : Fri Mar 24 11:02:49 2017
| Host         : Homura running 64-bit major release  (build 9200)
| Command      : upgrade_ip
| Device       : xc7a100tcsg324-1
------------------------------------------------------------------------------------

Upgrade Log for IP 'testie_imgarray_axi_0_0'

1. Summary
----------

SUCCESS in the upgrade of testie_imgarray_axi_0_0 (msg.com:user:imgarray_axi:1.0) from (Rev. 3) to (Rev. 4)






Copyright 1986-2016 Xilinx, Inc. All Rights Reserved.
------------------------------------------------------------------------------------
| Tool Version : Vivado v.2016.2 (win64) Build 1577090 Thu Jun  2 16:32:40 MDT 2016
| Date         : Fri Mar 24 02:36:16 2017
| Host         : Homura running 64-bit major release  (build 9200)
| Command      : upgrade_ip
| Device       : xc7a100tcsg324-1
------------------------------------------------------------------------------------

Upgrade Log for IP 'testie_imgarray_axi_0_0'

1. Summary
----------

SUCCESS in the upgrade of testie_imgarray_axi_0_0 (msg.com:user:imgarray_axi:1.0) from (Rev. 2) to (Rev. 3)






Copyright 1986-2016 Xilinx, Inc. All Rights Reserved.
------------------------------------------------------------------------------------
| Tool Version : Vivado v.2016.2 (win64) Build 1577090 Thu Jun  2 16:32:40 MDT 2016
| Date         : Fri Mar 24 02:32:53 2017
| Host         : Homura running 64-bit major release  (build 9200)
| Command      : upgrade_ip
| Device       : xc7a100tcsg324-1
------------------------------------------------------------------------------------

Upgrade Log for IP 'testie_imgarray_axi_0_0'

1. Summary
----------

SUCCESS in the update of testie_imgarray_axi_0_0 (msg.com:user:imgarray_axi:1.0 (Rev. 2)) to current project options.






Copyright 1986-2016 Xilinx, Inc. All Rights Reserved.
------------------------------------------------------------------------------------
| Tool Version : Vivado v.2016.2 (win64) Build 1577090 Thu Jun  2 16:32:40 MDT 2016
| Date         : Thu Mar 23 22:12:29 2017
| Host         : Homura running 64-bit major release  (build 9200)
| Command      : upgrade_ip
| Device       : xc7a100tcsg324-1
------------------------------------------------------------------------------------

Upgrade Log for IP 'testie_imgarray_axi_0_0'

1. Summary
----------

SUCCESS in the upgrade of testie_imgarray_axi_0_0 (msg.com:user:imgarray_axi:1.0) from (Rev. 1) to (Rev. 2)






Copyright 1986-2016 Xilinx, Inc. All Rights Reserved.
------------------------------------------------------------------------------------
| Tool Version : Vivado v.2016.2 (win64) Build 1577090 Thu Jun  2 16:32:40 MDT 2016
| Date         : Fri Mar 10 15:55:32 2017
| Host         : Homura running 64-bit major release  (build 9200)
| Command      : upgrade_ip
| Device       : xc7a100tcsg324-1
------------------------------------------------------------------------------------

Upgrade Log for IP 'testie_imgarray_axi_0_0'

1. Summary
----------

SUCCESS in the upgrade of testie_imgarray_axi_0_0 from xilinx.com:user:imgarray_axi:1.0 (Rev. 8) to msg.com:user:imgarray_axi:1.0 (Rev. 1)






Copyright 1986-2016 Xilinx, Inc. All Rights Reserved.
------------------------------------------------------------------------------------
| Tool Version : Vivado v.2016.2 (win64) Build 1577090 Thu Jun  2 16:32:40 MDT 2016
| Date         : Fri Mar 10 10:04:36 2017
| Host         : Homura running 64-bit major release  (build 9200)
| Command      : upgrade_ip
| Device       : xc7a100tcsg324-1
------------------------------------------------------------------------------------

Upgrade Log for IP 'testie_imgarray_axi_0_3'

1. Summary
----------

SUCCESS in the upgrade of testie_imgarray_axi_0_3 (xilinx.com:user:imgarray_axi:1.0) from (Rev. 7) to (Rev. 8)






Copyright 1986-2016 Xilinx, Inc. All Rights Reserved.
------------------------------------------------------------------------------------
| Tool Version : Vivado v.2016.2 (win64) Build 1577090 Thu Jun  2 16:32:40 MDT 2016
| Date         : Fri Mar 10 00:58:19 2017
| Host         : Homura running 64-bit major release  (build 9200)
| Command      : upgrade_ip
| Device       : xc7a100tcsg324-1
------------------------------------------------------------------------------------

Upgrade Log for IP 'testie_imgarray_axi_0_3'

1. Summary
----------

SUCCESS in the upgrade of testie_imgarray_axi_0_3 (xilinx.com:user:imgarray_axi:1.0) from (Rev. 6) to (Rev. 7)






Copyright 1986-2016 Xilinx, Inc. All Rights Reserved.
------------------------------------------------------------------------------------
| Tool Version : Vivado v.2016.2 (win64) Build 1577090 Thu Jun  2 16:32:40 MDT 2016
| Date         : Fri Mar 10 00:00:06 2017
| Host         : Homura running 64-bit major release  (build 9200)
| Command      : upgrade_ip
| Device       : xc7a100tcsg324-1
------------------------------------------------------------------------------------

Upgrade Log for IP 'testie_imgarray_axi_0_3'

1. Summary
----------

SUCCESS in the upgrade of testie_imgarray_axi_0_3 (xilinx.com:user:imgarray_axi:1.0) from (Rev. 5) to (Rev. 6)






Copyright 1986-2016 Xilinx, Inc. All Rights Reserved.
------------------------------------------------------------------------------------
| Tool Version : Vivado v.2016.2 (win64) Build 1577090 Thu Jun  2 16:32:40 MDT 2016
| Date         : Thu Mar 09 23:39:31 2017
| Host         : Homura running 64-bit major release  (build 9200)
| Command      : upgrade_ip
| Device       : xc7a100tcsg324-1
------------------------------------------------------------------------------------

Upgrade Log for IP 'testie_imgarray_axi_0_3'

1. Summary
----------

CAUTION (success, with warnings) in the upgrade of testie_imgarray_axi_0_3 (xilinx.com:user:imgarray_axi:1.0) from (Rev. 3) to (Rev. 5)

After upgrade, an IP may have parameter and port differences compared to the original customization. Please review the parameters within the IP customization GUI to ensure proper functionality. Also, please review the updated IP instantiation template to ensure proper connectivity, and update your design if required.

2. Connection Warnings
----------------------

Detected external port differences while upgrading 'testie_imgarray_axi_0_3'. These changes may impact your design.


-Upgrade has removed port 'pixel_out'

-Upgrade has added port 'pixel_output'







Copyright 1986-2016 Xilinx, Inc. All Rights Reserved.
------------------------------------------------------------------------------------
| Tool Version : Vivado v.2016.2 (win64) Build 1577090 Thu Jun  2 16:32:40 MDT 2016
| Date         : Tue Feb 21 17:49:04 2017
| Host         : Homura running 64-bit major release  (build 9200)
| Command      : upgrade_ip
| Device       : xc7a100tcsg324-1
------------------------------------------------------------------------------------

Upgrade Log for IP 'testie_ov7670_stream_0_0'

1. Summary
----------

SUCCESS in the upgrade of testie_ov7670_stream_0_0 (msg.com:user:ov7670_stream:1.0) from (Rev. 2) to (Rev. 3)






Copyright 1986-2016 Xilinx, Inc. All Rights Reserved.
------------------------------------------------------------------------------------
| Tool Version : Vivado v.2016.2 (win64) Build 1577090 Thu Jun  2 16:32:40 MDT 2016
| Date         : Thu Feb 16 03:29:20 2017
| Host         : TNT running 64-bit major release  (build 9200)
| Command      : upgrade_ip
| Device       : xc7a100tcsg324-1
------------------------------------------------------------------------------------

Upgrade Log for IP 'clk_wiz_0'

1. Summary
----------

SUCCESS in the update of clk_wiz_0 (xilinx.com:ip:clk_wiz:5.3 (Rev. 1)) to current project options.

